mode: set
github.com/Geek0x0/pdf/cmd/pdfcli/cli.go:18.13,23.22 4 0
github.com/Geek0x0/pdf/cmd/pdfcli/cli.go:23.22,27.3 3 0
github.com/Geek0x0/pdf/cmd/pdfcli/cli.go:29.2,31.16 3 0
github.com/Geek0x0/pdf/cmd/pdfcli/cli.go:31.16,33.3 1 0
github.com/Geek0x0/pdf/cmd/pdfcli/cli.go:34.2,36.32 2 0
github.com/Geek0x0/pdf/cmd/pdfcli/cli.go:37.15,38.29 1 0
github.com/Geek0x0/pdf/cmd/pdfcli/cli.go:39.14,40.31 1 0
github.com/Geek0x0/pdf/cmd/pdfcli/cli.go:41.16,42.23 1 0
github.com/Geek0x0/pdf/cmd/pdfcli/cli.go:43.14,45.28 2 0
github.com/Geek0x0/pdf/cmd/pdfcli/cli.go:46.17,48.31 2 0
github.com/Geek0x0/pdf/cmd/pdfcli/cli.go:49.10,50.39 1 0
github.com/Geek0x0/pdf/cmd/pdfcli/cli.go:54.48,55.15 1 1
github.com/Geek0x0/pdf/cmd/pdfcli/cli.go:55.15,57.17 2 1
github.com/Geek0x0/pdf/cmd/pdfcli/cli.go:57.17,59.4 1 0
github.com/Geek0x0/pdf/cmd/pdfcli/cli.go:60.3,60.52 1 1
github.com/Geek0x0/pdf/cmd/pdfcli/cli.go:60.52,62.4 1 0
github.com/Geek0x0/pdf/cmd/pdfcli/cli.go:63.3,63.9 1 1
github.com/Geek0x0/pdf/cmd/pdfcli/cli.go:65.2,66.16 2 0
github.com/Geek0x0/pdf/cmd/pdfcli/cli.go:66.16,68.3 1 0
github.com/Geek0x0/pdf/cmd/pdfcli/cli.go:69.2,69.17 1 0
github.com/Geek0x0/pdf/cmd/pdfcli/cli.go:72.54,73.41 1 1
github.com/Geek0x0/pdf/cmd/pdfcli/cli.go:73.41,76.17 3 0
github.com/Geek0x0/pdf/cmd/pdfcli/cli.go:76.17,78.4 1 0
github.com/Geek0x0/pdf/cmd/pdfcli/cli.go:79.3,79.24 1 0
github.com/Geek0x0/pdf/cmd/pdfcli/cli.go:79.24,80.95 1 0
github.com/Geek0x0/pdf/cmd/pdfcli/cli.go:80.95,82.5 1 0
github.com/Geek0x0/pdf/cmd/pdfcli/cli.go:82.10,82.25 1 0
github.com/Geek0x0/pdf/cmd/pdfcli/cli.go:82.25,84.5 1 0
github.com/Geek0x0/pdf/cmd/pdfcli/cli.go:86.3,86.37 1 0
github.com/Geek0x0/pdf/cmd/pdfcli/cli.go:86.37,88.4 1 0
github.com/Geek0x0/pdf/cmd/pdfcli/cli.go:89.3,89.18 1 0
github.com/Geek0x0/pdf/cmd/pdfcli/cli.go:93.39,95.16 2 1
github.com/Geek0x0/pdf/cmd/pdfcli/cli.go:95.16,97.3 1 0
github.com/Geek0x0/pdf/cmd/pdfcli/cli.go:98.2,98.30 1 1
github.com/Geek0x0/pdf/cmd/pdfcli/cli.go:98.30,100.3 1 0
github.com/Geek0x0/pdf/cmd/pdfcli/cli.go:103.47,105.16 2 1
github.com/Geek0x0/pdf/cmd/pdfcli/cli.go:105.16,107.3 1 0
github.com/Geek0x0/pdf/cmd/pdfcli/cli.go:108.2,108.27 1 1
github.com/Geek0x0/pdf/cmd/pdfcli/cli.go:108.27,110.33 2 0
github.com/Geek0x0/pdf/cmd/pdfcli/cli.go:110.33,112.4 1 0
github.com/Geek0x0/pdf/cmd/pdfcli/cli.go:113.3,113.61 1 0
github.com/Geek0x0/pdf/cmd/pdfcli/cli.go:117.50,119.16 2 1
github.com/Geek0x0/pdf/cmd/pdfcli/cli.go:119.16,121.3 1 0
github.com/Geek0x0/pdf/cmd/pdfcli/cli.go:122.2,122.30 1 1
github.com/Geek0x0/pdf/cmd/pdfcli/cli.go:122.30,124.33 2 0
github.com/Geek0x0/pdf/cmd/pdfcli/cli.go:124.33,127.4 2 0
github.com/Geek0x0/pdf/cmd/pdfcli/cli.go:128.3,128.65 1 0
github.com/Geek0x0/pdf/cmd/pdfcli/cli.go:132.28,133.15 1 0
github.com/Geek0x0/pdf/cmd/pdfcli/cli.go:133.15,135.3 1 0
github.com/Geek0x0/pdf/cmd/pdfcli/cli.go:138.32,140.19 2 1
github.com/Geek0x0/pdf/cmd/pdfcli/cli.go:140.19,142.3 1 0
github.com/Geek0x0/pdf/cmd/pdfcli/cli.go:143.2,144.23 2 1
github.com/Geek0x0/pdf/cmd/pdfcli/cli.go:144.23,146.3 1 0
github.com/Geek0x0/pdf/cmd/pdfcli/cli.go:147.2,148.22 2 1
github.com/Geek0x0/pdf/cmd/pdfcli/cli.go:148.22,149.26 1 1
github.com/Geek0x0/pdf/cmd/pdfcli/cli.go:149.26,151.4 1 1
github.com/Geek0x0/pdf/cmd/pdfcli/cli.go:151.9,152.16 1 1
github.com/Geek0x0/pdf/cmd/pdfcli/cli.go:152.16,154.5 1 1
github.com/Geek0x0/pdf/cmd/pdfcli/cli.go:155.4,155.11 1 1
github.com/Geek0x0/pdf/cmd/pdfcli/cli.go:158.2,158.14 1 1
github.com/Geek0x0/pdf/cmd/pdfcli/cli.go:158.14,160.3 1 1
github.com/Geek0x0/pdf/cmd/pdfcli/cli.go:161.2,161.23 1 1
github.com/Geek0x0/pdf/cmd/pdfcli/cli.go:164.57,166.16 2 0
github.com/Geek0x0/pdf/cmd/pdfcli/cli.go:166.16,168.3 1 0
github.com/Geek0x0/pdf/cmd/pdfcli/cli.go:169.2,180.64 4 0
github.com/Geek0x0/pdf/cmd/pdfcli/cli.go:180.64,182.3 1 0
github.com/Geek0x0/pdf/cmd/pdfcli/cli.go:183.2,186.16 4 0
github.com/Geek0x0/pdf/cmd/pdfcli/cli.go:186.16,188.3 1 0
github.com/Geek0x0/pdf/cmd/pdfcli/cli.go:189.2,189.25 1 0
github.com/Geek0x0/pdf/adaptive_sort.go:30.42,35.2 1 1
github.com/Geek0x0/pdf/adaptive_sort.go:38.92,40.12 2 1
github.com/Geek0x0/pdf/adaptive_sort.go:40.12,42.3 1 0
github.com/Geek0x0/pdf/adaptive_sort.go:44.2,46.18 2 1
github.com/Geek0x0/pdf/adaptive_sort.go:47.21,48.37 1 1
github.com/Geek0x0/pdf/adaptive_sort.go:49.25,50.41 1 1
github.com/Geek0x0/pdf/adaptive_sort.go:51.10,53.41 1 1
github.com/Geek0x0/pdf/adaptive_sort.go:53.41,55.4 1 1
github.com/Geek0x0/pdf/adaptive_sort.go:60.89,62.12 2 1
github.com/Geek0x0/pdf/adaptive_sort.go:62.12,64.3 1 0
github.com/Geek0x0/pdf/adaptive_sort.go:66.2,66.31 1 1
github.com/Geek0x0/pdf/adaptive_sort.go:66.31,68.3 1 1
github.com/Geek0x0/pdf/adaptive_sort.go:68.8,70.3 1 0
github.com/Geek0x0/pdf/adaptive_sort.go:74.78,75.31 1 1
github.com/Geek0x0/pdf/adaptive_sort.go:75.31,77.3 1 1
github.com/Geek0x0/pdf/adaptive_sort.go:79.2,79.41 1 1
github.com/Geek0x0/pdf/adaptive_sort.go:79.41,81.3 1 1
github.com/Geek0x0/pdf/adaptive_sort.go:83.2,83.25 1 1
github.com/Geek0x0/pdf/adaptive_sort.go:87.85,89.12 2 1
github.com/Geek0x0/pdf/adaptive_sort.go:89.12,91.3 1 0
github.com/Geek0x0/pdf/adaptive_sort.go:94.2,95.26 2 1
github.com/Geek0x0/pdf/adaptive_sort.go:95.26,101.3 4 1
github.com/Geek0x0/pdf/adaptive_sort.go:104.2,105.25 2 1
github.com/Geek0x0/pdf/adaptive_sort.go:105.25,107.3 1 1
github.com/Geek0x0/pdf/adaptive_sort.go:110.2,114.30 3 1
github.com/Geek0x0/pdf/adaptive_sort.go:114.30,116.3 1 1
github.com/Geek0x0/pdf/adaptive_sort.go:118.2,118.24 1 1
github.com/Geek0x0/pdf/adaptive_sort.go:122.74,124.12 2 1
github.com/Geek0x0/pdf/adaptive_sort.go:124.12,126.3 1 0
github.com/Geek0x0/pdf/adaptive_sort.go:128.2,136.47 5 1
github.com/Geek0x0/pdf/adaptive_sort.go:136.47,138.25 1 1
github.com/Geek0x0/pdf/adaptive_sort.go:138.25,140.4 1 1
github.com/Geek0x0/pdf/adaptive_sort.go:143.3,143.28 1 1
github.com/Geek0x0/pdf/adaptive_sort.go:143.28,146.4 2 1
github.com/Geek0x0/pdf/adaptive_sort.go:149.3,150.25 2 1
github.com/Geek0x0/pdf/adaptive_sort.go:150.25,154.4 3 1
github.com/Geek0x0/pdf/adaptive_sort.go:157.3,157.28 1 1
github.com/Geek0x0/pdf/adaptive_sort.go:157.28,163.4 5 1
github.com/Geek0x0/pdf/adaptive_sort.go:166.3,167.34 2 1
github.com/Geek0x0/pdf/adaptive_sort.go:172.89,173.34 1 1
github.com/Geek0x0/pdf/adaptive_sort.go:173.34,178.42 4 1
github.com/Geek0x0/pdf/adaptive_sort.go:178.42,181.4 2 1
github.com/Geek0x0/pdf/adaptive_sort.go:182.3,182.17 1 1
github.com/Geek0x0/pdf/adaptive_sort.go:187.90,188.34 1 1
github.com/Geek0x0/pdf/adaptive_sort.go:188.34,192.28 3 1
github.com/Geek0x0/pdf/adaptive_sort.go:192.28,195.4 2 1
github.com/Geek0x0/pdf/adaptive_sort.go:196.3,196.17 1 1
github.com/Geek0x0/pdf/adaptive_sort.go:204.37,205.73 1 1
github.com/Geek0x0/pdf/adaptive_sort.go:205.73,205.87 1 1
github.com/Geek0x0/pdf/adaptive_sort.go:209.37,210.73 1 1
github.com/Geek0x0/pdf/adaptive_sort.go:210.73,210.87 1 1
github.com/Geek0x0/pdf/adaptive_sort.go:214.60,216.2 1 1
github.com/Geek0x0/pdf/adaptive_sort.go:229.41,231.2 1 1
github.com/Geek0x0/pdf/adaptive_sort.go:234.28,236.2 1 1
github.com/Geek0x0/pdf/adaptive_sort.go:239.95,250.2 5 1
github.com/Geek0x0/pdf/ascii85.go:15.52,17.2 1 1
github.com/Geek0x0/pdf/ascii85.go:19.32,20.26 1 1
github.com/Geek0x0/pdf/ascii85.go:20.26,22.3 1 1
github.com/Geek0x0/pdf/ascii85.go:23.2,23.14 1 1
github.com/Geek0x0/pdf/ascii85.go:23.14,25.3 1 1
github.com/Geek0x0/pdf/ascii85.go:26.2,26.10 1 1
github.com/Geek0x0/pdf/ascii85.go:29.51,31.16 2 1
github.com/Geek0x0/pdf/ascii85.go:31.16,33.3 1 1
github.com/Geek0x0/pdf/ascii85.go:35.2,37.25 3 1
github.com/Geek0x0/pdf/ascii85.go:37.25,39.27 2 1
github.com/Geek0x0/pdf/ascii85.go:39.27,40.9 1 1
github.com/Geek0x0/pdf/ascii85.go:42.3,42.15 1 1
github.com/Geek0x0/pdf/ascii85.go:42.15,44.4 1 1
github.com/Geek0x0/pdf/ascii85.go:45.3,45.16 1 1
github.com/Geek0x0/pdf/ascii85.go:45.16,47.4 1 1
github.com/Geek0x0/pdf/ascii85.go:50.2,51.22 2 1
github.com/Geek0x0/pdf/async_io.go:22.50,27.2 1 1
github.com/Geek0x0/pdf/async_io.go:29.42,30.70 1 1
github.com/Geek0x0/pdf/async_io.go:30.70,32.3 1 0
github.com/Geek0x0/pdf/async_io.go:33.2,33.32 1 1
github.com/Geek0x0/pdf/async_io.go:37.92,41.12 3 1
github.com/Geek0x0/pdf/async_io.go:41.12,46.22 4 1
github.com/Geek0x0/pdf/async_io.go:46.22,47.11 1 1
github.com/Geek0x0/pdf/async_io.go:48.26,48.26 0 1
github.com/Geek0x0/pdf/async_io.go:49.22,50.25 1 0
github.com/Geek0x0/pdf/async_io.go:52.4,52.10 1 1
github.com/Geek0x0/pdf/async_io.go:55.3,56.27 2 1
github.com/Geek0x0/pdf/async_io.go:56.27,58.4 1 1
github.com/Geek0x0/pdf/async_io.go:60.3,68.20 4 1
github.com/Geek0x0/pdf/async_io.go:68.20,70.34 2 1
github.com/Geek0x0/pdf/async_io.go:70.34,71.12 1 1
github.com/Geek0x0/pdf/async_io.go:72.23,73.13 1 0
github.com/Geek0x0/pdf/async_io.go:78.52,78.52 0 0
github.com/Geek0x0/pdf/async_io.go:79.14,79.14 0 0
github.com/Geek0x0/pdf/async_io.go:81.6,81.14 1 0
github.com/Geek0x0/pdf/async_io.go:82.13,82.13 0 1
github.com/Geek0x0/pdf/async_io.go:85.5,91.46 3 1
github.com/Geek0x0/pdf/async_io.go:95.3,95.32 1 1
github.com/Geek0x0/pdf/async_io.go:95.32,98.4 2 1
github.com/Geek0x0/pdf/async_io.go:100.3,100.13 1 1
github.com/Geek0x0/pdf/async_io.go:100.13,102.55 2 1
github.com/Geek0x0/pdf/async_io.go:102.55,103.12 1 1
github.com/Geek0x0/pdf/async_io.go:104.23,105.12 1 1
github.com/Geek0x0/pdf/async_io.go:106.30,106.30 0 1
github.com/Geek0x0/pdf/async_io.go:111.3,111.13 1 1
github.com/Geek0x0/pdf/async_io.go:111.13,114.4 2 1
github.com/Geek0x0/pdf/async_io.go:117.3,120.35 3 1
github.com/Geek0x0/pdf/async_io.go:120.35,121.25 1 1
github.com/Geek0x0/pdf/async_io.go:121.25,122.24 1 0
github.com/Geek0x0/pdf/async_io.go:122.24,124.6 1 0
github.com/Geek0x0/pdf/async_io.go:125.5,125.13 1 0
github.com/Geek0x0/pdf/async_io.go:127.4,127.45 1 1
github.com/Geek0x0/pdf/async_io.go:130.3,130.22 1 1
github.com/Geek0x0/pdf/async_io.go:130.22,132.4 1 1
github.com/Geek0x0/pdf/async_io.go:133.3,133.22 1 1
github.com/Geek0x0/pdf/async_io.go:133.22,134.11 1 1
github.com/Geek0x0/pdf/async_io.go:135.29,135.29 0 1
github.com/Geek0x0/pdf/async_io.go:136.22,136.22 0 0
github.com/Geek0x0/pdf/async_io.go:138.4,138.10 1 1
github.com/Geek0x0/pdf/async_io.go:141.3,142.34 2 1
github.com/Geek0x0/pdf/async_io.go:142.34,144.4 1 1
github.com/Geek0x0/pdf/async_io.go:145.3,147.10 2 1
github.com/Geek0x0/pdf/async_io.go:148.35,148.35 0 1
github.com/Geek0x0/pdf/async_io.go:149.21,150.24 1 0
github.com/Geek0x0/pdf/async_io.go:154.2,154.28 1 1
github.com/Geek0x0/pdf/async_io.go:158.124,162.12 3 1
github.com/Geek0x0/pdf/async_io.go:162.12,167.35 3 1
github.com/Geek0x0/pdf/async_io.go:167.35,168.11 1 1
github.com/Geek0x0/pdf/async_io.go:169.24,169.24 0 1
github.com/Geek0x0/pdf/async_io.go:170.12,170.12 0 0
github.com/Geek0x0/pdf/async_io.go:172.4,172.10 1 1
github.com/Geek0x0/pdf/async_io.go:176.3,177.22 2 1
github.com/Geek0x0/pdf/async_io.go:177.22,180.31 3 1
github.com/Geek0x0/pdf/async_io.go:180.31,182.5 1 0
github.com/Geek0x0/pdf/async_io.go:186.3,193.19 3 1
github.com/Geek0x0/pdf/async_io.go:193.19,195.4 1 0
github.com/Geek0x0/pdf/async_io.go:198.3,202.13 3 1
github.com/Geek0x0/pdf/async_io.go:202.13,204.37 2 1
github.com/Geek0x0/pdf/async_io.go:204.37,205.12 1 0
github.com/Geek0x0/pdf/async_io.go:206.30,206.30 0 0
github.com/Geek0x0/pdf/async_io.go:207.23,208.12 1 0
github.com/Geek0x0/pdf/async_io.go:214.3,214.32 1 1
github.com/Geek0x0/pdf/async_io.go:214.32,216.14 2 1
github.com/Geek0x0/pdf/async_io.go:216.14,218.35 2 1
github.com/Geek0x0/pdf/async_io.go:218.35,219.13 1 0
github.com/Geek0x0/pdf/async_io.go:220.24,226.13 2 0
github.com/Geek0x0/pdf/async_io.go:227.14,227.14 0 0
github.com/Geek0x0/pdf/async_io.go:230.6,236.47 3 0
github.com/Geek0x0/pdf/async_io.go:242.3,242.13 1 1
github.com/Geek0x0/pdf/async_io.go:242.13,245.4 2 1
github.com/Geek0x0/pdf/async_io.go:248.3,251.35 3 1
github.com/Geek0x0/pdf/async_io.go:251.35,252.25 1 0
github.com/Geek0x0/pdf/async_io.go:252.25,253.24 1 0
github.com/Geek0x0/pdf/async_io.go:253.24,255.6 1 0
github.com/Geek0x0/pdf/async_io.go:256.5,256.13 1 0
github.com/Geek0x0/pdf/async_io.go:258.4,258.43 1 0
github.com/Geek0x0/pdf/async_io.go:261.3,261.22 1 1
github.com/Geek0x0/pdf/async_io.go:261.22,263.4 1 1
github.com/Geek0x0/pdf/async_io.go:264.3,264.22 1 1
github.com/Geek0x0/pdf/async_io.go:264.22,265.11 1 0
github.com/Geek0x0/pdf/async_io.go:266.29,266.29 0 0
github.com/Geek0x0/pdf/async_io.go:267.22,267.22 0 0
github.com/Geek0x0/pdf/async_io.go:269.4,269.10 1 0
github.com/Geek0x0/pdf/async_io.go:272.3,273.36 2 1
github.com/Geek0x0/pdf/async_io.go:273.36,275.4 1 0
github.com/Geek0x0/pdf/async_io.go:276.3,278.10 2 1
github.com/Geek0x0/pdf/async_io.go:279.35,279.35 0 1
github.com/Geek0x0/pdf/async_io.go:280.21,281.24 1 0
github.com/Geek0x0/pdf/async_io.go:285.2,285.28 1 1
github.com/Geek0x0/pdf/async_io.go:289.109,293.12 3 1
github.com/Geek0x0/pdf/async_io.go:293.12,298.22 4 1
github.com/Geek0x0/pdf/async_io.go:298.22,299.11 1 1
github.com/Geek0x0/pdf/async_io.go:300.43,300.43 0 1
github.com/Geek0x0/pdf/async_io.go:301.22,302.25 1 0
github.com/Geek0x0/pdf/async_io.go:304.4,304.10 1 1
github.com/Geek0x0/pdf/async_io.go:308.3,315.36 3 1
github.com/Geek0x0/pdf/async_io.go:315.36,317.25 2 1
github.com/Geek0x0/pdf/async_io.go:317.25,320.12 2 1
github.com/Geek0x0/pdf/async_io.go:321.23,327.12 2 0
github.com/Geek0x0/pdf/async_io.go:328.13,328.13 0 1
github.com/Geek0x0/pdf/async_io.go:331.5,337.50 3 1
github.com/Geek0x0/pdf/async_io.go:342.3,342.13 1 1
github.com/Geek0x0/pdf/async_io.go:342.13,345.4 2 1
github.com/Geek0x0/pdf/async_io.go:348.3,351.35 3 1
github.com/Geek0x0/pdf/async_io.go:351.35,352.25 1 1
github.com/Geek0x0/pdf/async_io.go:352.25,353.24 1 0
github.com/Geek0x0/pdf/async_io.go:353.24,355.6 1 0
github.com/Geek0x0/pdf/async_io.go:356.5,356.13 1 0
github.com/Geek0x0/pdf/async_io.go:358.4,358.51 1 1
github.com/Geek0x0/pdf/async_io.go:361.3,361.22 1 1
github.com/Geek0x0/pdf/async_io.go:361.22,362.11 1 0
github.com/Geek0x0/pdf/async_io.go:363.29,363.29 0 0
github.com/Geek0x0/pdf/async_io.go:364.22,364.22 0 0
github.com/Geek0x0/pdf/async_io.go:366.4,366.10 1 0
github.com/Geek0x0/pdf/async_io.go:369.3,369.10 1 1
github.com/Geek0x0/pdf/async_io.go:370.32,370.32 0 1
github.com/Geek0x0/pdf/async_io.go:371.21,372.24 1 0
github.com/Geek0x0/pdf/async_io.go:376.2,376.28 1 1
github.com/Geek0x0/pdf/async_io.go:380.103,383.12 2 1
github.com/Geek0x0/pdf/async_io.go:383.12,387.36 3 1
github.com/Geek0x0/pdf/async_io.go:387.36,388.11 1 0
github.com/Geek0x0/pdf/async_io.go:389.22,391.11 2 0
github.com/Geek0x0/pdf/async_io.go:392.12,392.12 0 0
github.com/Geek0x0/pdf/async_io.go:395.4,396.45 2 0
github.com/Geek0x0/pdf/async_io.go:396.45,399.5 2 0
github.com/Geek0x0/pdf/async_io.go:402.3,402.10 1 1
github.com/Geek0x0/pdf/async_io.go:403.23,403.23 0 1
github.com/Geek0x0/pdf/async_io.go:404.21,405.24 1 0
github.com/Geek0x0/pdf/async_io.go:409.2,409.16 1 1
github.com/Geek0x0/pdf/async_io.go:418.58,422.2 1 1
github.com/Geek0x0/pdf/async_io.go:425.113,429.12 3 1
github.com/Geek0x0/pdf/async_io.go:429.12,433.10 3 1
github.com/Geek0x0/pdf/async_io.go:434.21,436.10 2 1
github.com/Geek0x0/pdf/async_io.go:437.11,437.11 0 1
github.com/Geek0x0/pdf/async_io.go:440.3,441.17 2 1
github.com/Geek0x0/pdf/async_io.go:441.17,442.11 1 0
github.com/Geek0x0/pdf/async_io.go:443.24,443.24 0 0
github.com/Geek0x0/pdf/async_io.go:444.22,444.22 0 0
github.com/Geek0x0/pdf/async_io.go:446.4,446.10 1 0
github.com/Geek0x0/pdf/async_io.go:449.3,449.10 1 1
github.com/Geek0x0/pdf/async_io.go:450.19,450.19 0 1
github.com/Geek0x0/pdf/async_io.go:451.21,452.24 1 0
github.com/Geek0x0/pdf/async_io.go:456.2,456.23 1 1
github.com/Geek0x0/pdf/async_io.go:460.102,464.12 3 1
github.com/Geek0x0/pdf/async_io.go:464.12,472.7 6 1
github.com/Geek0x0/pdf/async_io.go:472.7,473.11 1 1
github.com/Geek0x0/pdf/async_io.go:474.22,476.11 2 0
github.com/Geek0x0/pdf/async_io.go:477.12,477.12 0 1
github.com/Geek0x0/pdf/async_io.go:480.4,481.13 2 1
github.com/Geek0x0/pdf/async_io.go:481.13,486.12 3 0
github.com/Geek0x0/pdf/async_io.go:487.27,487.27 0 0
github.com/Geek0x0/pdf/async_io.go:488.23,490.12 2 0
github.com/Geek0x0/pdf/async_io.go:494.4,494.18 1 1
github.com/Geek0x0/pdf/async_io.go:494.18,495.22 1 1
github.com/Geek0x0/pdf/async_io.go:495.22,497.13 1 0
github.com/Geek0x0/pdf/async_io.go:498.26,498.26 0 0
github.com/Geek0x0/pdf/async_io.go:499.24,499.24 0 0
github.com/Geek0x0/pdf/async_io.go:501.6,501.12 1 0
github.com/Geek0x0/pdf/async_io.go:502.11,504.13 1 1
github.com/Geek0x0/pdf/async_io.go:505.26,505.26 0 1
github.com/Geek0x0/pdf/async_io.go:506.24,506.24 0 0
github.com/Geek0x0/pdf/async_io.go:508.6,508.12 1 1
github.com/Geek0x0/pdf/async_io.go:514.2,514.26 1 1
github.com/Geek0x0/pdf/batch_extract.go:81.81,85.23 2 1
github.com/Geek0x0/pdf/batch_extract.go:85.23,87.3 1 1
github.com/Geek0x0/pdf/batch_extract.go:88.2,88.25 1 1
github.com/Geek0x0/pdf/batch_extract.go:88.25,90.3 1 1
github.com/Geek0x0/pdf/batch_extract.go:91.2,91.30 1 1
github.com/Geek0x0/pdf/batch_extract.go:91.30,93.3 1 1
github.com/Geek0x0/pdf/batch_extract.go:96.2,97.23 2 1
github.com/Geek0x0/pdf/batch_extract.go:97.23,99.21 2 1
github.com/Geek0x0/pdf/batch_extract.go:99.21,101.4 1 1
github.com/Geek0x0/pdf/batch_extract.go:104.3,104.29 1 1
github.com/Geek0x0/pdf/batch_extract.go:105.27,106.48 1 1
github.com/Geek0x0/pdf/batch_extract.go:107.11,108.48 1 0
github.com/Geek0x0/pdf/batch_extract.go:113.2,114.21 2 1
github.com/Geek0x0/pdf/batch_extract.go:114.21,116.24 2 1
github.com/Geek0x0/pdf/batch_extract.go:116.24,118.4 1 1
github.com/Geek0x0/pdf/batch_extract.go:121.2,121.12 1 1
github.com/Geek0x0/pdf/batch_extract.go:121.12,126.33 3 1
github.com/Geek0x0/pdf/batch_extract.go:126.33,128.4 1 1
github.com/Geek0x0/pdf/batch_extract.go:129.3,133.37 3 1
github.com/Geek0x0/pdf/batch_extract.go:133.37,135.14 2 1
github.com/Geek0x0/pdf/batch_extract.go:135.14,138.5 2 1
github.com/Geek0x0/pdf/batch_extract.go:141.3,144.23 2 1
github.com/Geek0x0/pdf/batch_extract.go:144.23,146.4 1 1
github.com/Geek0x0/pdf/batch_extract.go:149.2,149.16 1 1
github.com/Geek0x0/pdf/batch_extract.go:153.137,154.28 1 1
github.com/Geek0x0/pdf/batch_extract.go:154.28,156.10 1 1
github.com/Geek0x0/pdf/batch_extract.go:157.30,162.10 2 0
github.com/Geek0x0/pdf/batch_extract.go:163.11,163.11 0 1
github.com/Geek0x0/pdf/batch_extract.go:167.3,172.23 4 1
github.com/Geek0x0/pdf/batch_extract.go:172.23,175.4 1 1
github.com/Geek0x0/pdf/batch_extract.go:177.3,177.25 1 1
github.com/Geek0x0/pdf/batch_extract.go:177.25,179.4 1 0
github.com/Geek0x0/pdf/batch_extract.go:179.9,181.4 1 1
github.com/Geek0x0/pdf/batch_extract.go:183.3,187.4 1 1
github.com/Geek0x0/pdf/batch_extract.go:199.86,204.33 3 1
github.com/Geek0x0/pdf/batch_extract.go:204.33,205.26 1 1
github.com/Geek0x0/pdf/batch_extract.go:205.26,211.4 1 0
github.com/Geek0x0/pdf/batch_extract.go:212.3,215.5 1 1
github.com/Geek0x0/pdf/batch_extract.go:220.2,224.28 3 1
github.com/Geek0x0/pdf/batch_extract.go:224.28,226.3 1 1
github.com/Geek0x0/pdf/batch_extract.go:227.2,232.28 4 1
github.com/Geek0x0/pdf/batch_extract.go:232.28,234.25 2 1
github.com/Geek0x0/pdf/batch_extract.go:234.25,236.4 1 1
github.com/Geek0x0/pdf/batch_extract.go:239.2,239.30 1 1
github.com/Geek0x0/pdf/batch_extract.go:243.44,244.23 1 1
github.com/Geek0x0/pdf/batch_extract.go:244.23,246.3 1 1
github.com/Geek0x0/pdf/batch_extract.go:249.2,249.23 1 1
github.com/Geek0x0/pdf/batch_extract.go:249.23,250.37 1 1
github.com/Geek0x0/pdf/batch_extract.go:250.37,253.51 3 1
github.com/Geek0x0/pdf/batch_extract.go:253.51,256.5 2 1
github.com/Geek0x0/pdf/batch_extract.go:257.4,257.22 1 1
github.com/Geek0x0/pdf/batch_extract.go:259.3,259.9 1 1
github.com/Geek0x0/pdf/batch_extract.go:263.2,263.50 1 0
github.com/Geek0x0/pdf/batch_extract.go:266.64,267.16 1 1
github.com/Geek0x0/pdf/batch_extract.go:267.16,271.3 3 1
github.com/Geek0x0/pdf/batch_extract.go:274.68,278.30 3 1
github.com/Geek0x0/pdf/batch_extract.go:278.30,279.33 1 1
github.com/Geek0x0/pdf/batch_extract.go:279.33,282.4 2 1
github.com/Geek0x0/pdf/batch_extract.go:285.2,286.14 2 1
github.com/Geek0x0/pdf/batch_extract.go:297.96,301.23 2 1
github.com/Geek0x0/pdf/batch_extract.go:301.23,303.3 1 0
github.com/Geek0x0/pdf/batch_extract.go:304.2,304.25 1 1
github.com/Geek0x0/pdf/batch_extract.go:304.25,306.3 1 0
github.com/Geek0x0/pdf/batch_extract.go:309.2,310.21 2 1
github.com/Geek0x0/pdf/batch_extract.go:310.21,312.24 2 1
github.com/Geek0x0/pdf/batch_extract.go:312.24,314.4 1 1
github.com/Geek0x0/pdf/batch_extract.go:317.2,317.12 1 1
github.com/Geek0x0/pdf/batch_extract.go:317.12,321.33 3 1
github.com/Geek0x0/pdf/batch_extract.go:321.33,323.4 1 1
github.com/Geek0x0/pdf/batch_extract.go:324.3,327.37 3 1
github.com/Geek0x0/pdf/batch_extract.go:327.37,329.14 2 1
github.com/Geek0x0/pdf/batch_extract.go:329.14,332.5 2 1
github.com/Geek0x0/pdf/batch_extract.go:335.3,335.12 1 1
github.com/Geek0x0/pdf/batch_extract.go:338.2,338.16 1 1
github.com/Geek0x0/pdf/batch_extract.go:342.120,343.28 1 1
github.com/Geek0x0/pdf/batch_extract.go:343.28,344.10 1 1
github.com/Geek0x0/pdf/batch_extract.go:345.30,350.10 2 0
github.com/Geek0x0/pdf/batch_extract.go:351.11,351.11 0 1
github.com/Geek0x0/pdf/batch_extract.go:354.3,361.4 3 1
github.com/Geek0x0/pdf/batch_extract.go:374.95,379.2 1 1
github.com/Geek0x0/pdf/batch_extract.go:382.45,384.2 1 1
github.com/Geek0x0/pdf/batch_extract.go:387.57,389.9 2 1
github.com/Geek0x0/pdf/batch_extract.go:389.9,391.3 1 1
github.com/Geek0x0/pdf/batch_extract.go:392.2,392.16 1 0
github.com/Geek0x0/pdf/batch_extract.go:396.88,397.34 1 1
github.com/Geek0x0/pdf/batch_extract.go:397.34,398.42 1 0
github.com/Geek0x0/pdf/batch_extract.go:398.42,400.4 1 0
github.com/Geek0x0/pdf/batch_extract.go:402.2,402.12 1 1
github.com/Geek0x0/pdf/caching.go:26.40,28.2 1 1
github.com/Geek0x0/pdf/caching.go:56.83,57.18 1 1
github.com/Geek0x0/pdf/caching.go:57.18,59.3 1 0
github.com/Geek0x0/pdf/caching.go:61.2,71.14 3 1
github.com/Geek0x0/pdf/caching.go:75.59,83.66 4 1
github.com/Geek0x0/pdf/caching.go:83.66,85.3 1 1
github.com/Geek0x0/pdf/caching.go:88.2,89.16 2 1
github.com/Geek0x0/pdf/caching.go:89.16,91.3 1 1
github.com/Geek0x0/pdf/caching.go:93.2,102.47 2 1
github.com/Geek0x0/pdf/caching.go:102.47,104.3 1 1
github.com/Geek0x0/pdf/caching.go:106.2,108.41 3 1
github.com/Geek0x0/pdf/caching.go:112.60,117.13 4 1
github.com/Geek0x0/pdf/caching.go:117.13,121.3 3 1
github.com/Geek0x0/pdf/caching.go:123.2,123.23 1 1
github.com/Geek0x0/pdf/caching.go:123.23,130.3 6 1
github.com/Geek0x0/pdf/caching.go:133.2,141.25 6 1
github.com/Geek0x0/pdf/caching.go:145.45,150.13 4 1
github.com/Geek0x0/pdf/caching.go:150.13,152.3 1 1
github.com/Geek0x0/pdf/caching.go:154.2,154.27 1 1
github.com/Geek0x0/pdf/caching.go:158.48,163.2 3 1
github.com/Geek0x0/pdf/caching.go:166.48,167.44 1 1
github.com/Geek0x0/pdf/caching.go:167.44,172.3 4 1
github.com/Geek0x0/pdf/caching.go:173.2,173.14 1 1
github.com/Geek0x0/pdf/caching.go:177.35,178.24 1 1
github.com/Geek0x0/pdf/caching.go:178.24,180.3 1 0
github.com/Geek0x0/pdf/caching.go:182.2,187.35 4 1
github.com/Geek0x0/pdf/caching.go:187.35,188.24 1 1
github.com/Geek0x0/pdf/caching.go:188.24,190.4 1 1
github.com/Geek0x0/pdf/caching.go:192.3,193.20 2 1
github.com/Geek0x0/pdf/caching.go:194.14,195.44 1 1
github.com/Geek0x0/pdf/caching.go:196.14,197.38 1 1
github.com/Geek0x0/pdf/caching.go:198.17,201.64 2 1
github.com/Geek0x0/pdf/caching.go:202.15,203.44 1 0
github.com/Geek0x0/pdf/caching.go:204.11,205.44 1 0
github.com/Geek0x0/pdf/caching.go:208.3,208.23 1 1
github.com/Geek0x0/pdf/caching.go:208.23,211.4 2 1
github.com/Geek0x0/pdf/caching.go:214.2,214.23 1 1
github.com/Geek0x0/pdf/caching.go:214.23,216.3 1 0
github.com/Geek0x0/pdf/caching.go:218.2,218.23 1 1
github.com/Geek0x0/pdf/caching.go:218.23,221.3 2 1
github.com/Geek0x0/pdf/caching.go:225.61,226.26 1 1
github.com/Geek0x0/pdf/caching.go:227.14,228.23 1 1
github.com/Geek0x0/pdf/caching.go:229.14,231.29 1 1
github.com/Geek0x0/pdf/caching.go:232.25,234.29 1 1
github.com/Geek0x0/pdf/caching.go:235.12,236.30 1 1
github.com/Geek0x0/pdf/caching.go:237.16,238.116 1 1
github.com/Geek0x0/pdf/caching.go:239.14,240.23 1 1
github.com/Geek0x0/pdf/caching.go:241.10,243.14 1 1
github.com/Geek0x0/pdf/caching.go:248.41,252.21 3 1
github.com/Geek0x0/pdf/caching.go:252.21,256.36 3 0
github.com/Geek0x0/pdf/caching.go:256.36,257.25 1 0
github.com/Geek0x0/pdf/caching.go:257.25,260.5 2 0
github.com/Geek0x0/pdf/caching.go:263.3,266.18 2 0
github.com/Geek0x0/pdf/caching.go:266.19,268.4 0 0
github.com/Geek0x0/pdf/caching.go:273.46,282.2 6 1
github.com/Geek0x0/pdf/caching.go:285.32,292.2 5 1
github.com/Geek0x0/pdf/caching.go:295.46,300.16 4 1
github.com/Geek0x0/pdf/caching.go:300.16,302.3 1 1
github.com/Geek0x0/pdf/caching.go:303.2,303.48 1 1
github.com/Geek0x0/pdf/caching.go:310.48,312.2 1 1
github.com/Geek0x0/pdf/caching.go:315.93,317.2 1 1
github.com/Geek0x0/pdf/caching.go:320.124,322.2 1 1
github.com/Geek0x0/pdf/caching.go:325.117,327.2 1 1
github.com/Geek0x0/pdf/caching.go:330.73,334.2 1 1
github.com/Geek0x0/pdf/caching.go:337.68,340.2 2 1
github.com/Geek0x0/pdf/caching.go:350.72,356.2 1 1
github.com/Geek0x0/pdf/caching.go:359.65,362.47 2 1
github.com/Geek0x0/pdf/caching.go:362.47,363.39 1 0
github.com/Geek0x0/pdf/caching.go:363.39,365.4 1 0
github.com/Geek0x0/pdf/caching.go:368.2,372.26 4 1
github.com/Geek0x0/pdf/caching.go:376.90,383.47 2 1
github.com/Geek0x0/pdf/caching.go:383.47,384.51 1 1
github.com/Geek0x0/pdf/caching.go:384.51,386.4 1 1
github.com/Geek0x0/pdf/caching.go:389.2,391.16 3 1
github.com/Geek0x0/pdf/caching.go:391.16,393.3 1 0
github.com/Geek0x0/pdf/caching.go:395.2,396.20 2 1
github.com/Geek0x0/pdf/caching.go:404.36,405.28 1 1
github.com/Geek0x0/pdf/caching.go:405.28,408.3 1 1
github.com/Geek0x0/pdf/caching.go:409.2,409.20 1 1
github.com/Geek0x0/pdf/caching.go:421.38,428.2 1 1
github.com/Geek0x0/pdf/caching.go:431.53,433.2 1 1
github.com/Geek0x0/pdf/caching.go:436.63,438.2 1 1
github.com/Geek0x0/pdf/caching.go:441.61,443.2 1 1
github.com/Geek0x0/pdf/caching.go:446.57,448.2 1 1
github.com/Geek0x0/pdf/caching.go:451.52,465.2 5 1
github.com/Geek0x0/pdf/caching.go:475.80,485.12 3 1
github.com/Geek0x0/pdf/caching.go:485.12,488.3 1 1
github.com/Geek0x0/pdf/caching.go:490.2,490.11 1 1
github.com/Geek0x0/pdf/caching.go:494.102,500.12 4 1
github.com/Geek0x0/pdf/caching.go:500.12,503.3 2 1
github.com/Geek0x0/pdf/caching.go:506.2,506.9 1 1
github.com/Geek0x0/pdf/caching.go:507.14,508.28 1 1
github.com/Geek0x0/pdf/caching.go:509.29,510.46 1 0
github.com/Geek0x0/pdf/caching.go:511.23,512.34 1 0
github.com/Geek0x0/pdf/caching.go:517.33,519.2 1 1
github.com/Geek0x0/pdf/caching.go:531.110,538.2 1 1
github.com/Geek0x0/pdf/caching.go:541.45,542.9 1 1
github.com/Geek0x0/pdf/caching.go:543.25,544.14 1 1
github.com/Geek0x0/pdf/caching.go:545.10,546.18 1 1
github.com/Geek0x0/pdf/caching.go:551.49,552.9 1 1
github.com/Geek0x0/pdf/caching.go:553.23,553.23 0 1
github.com/Geek0x0/pdf/caching.go:554.10,556.22 1 1
github.com/Geek0x0/pdf/caching.go:556.22,558.4 1 1
github.com/Geek0x0/pdf/caching.go:563.35,568.28 4 1
github.com/Geek0x0/pdf/caching.go:568.28,569.22 1 1
github.com/Geek0x0/pdf/caching.go:569.22,571.4 1 1
github.com/Geek0x0/pdf/enhanced_parallel.go:31.90,32.18 1 1
github.com/Geek0x0/pdf/enhanced_parallel.go:32.18,34.3 1 0
github.com/Geek0x0/pdf/enhanced_parallel.go:35.2,35.20 1 1
github.com/Geek0x0/pdf/enhanced_parallel.go:35.20,37.3 1 0
github.com/Geek0x0/pdf/enhanced_parallel.go:39.2,46.3 1 1
github.com/Geek0x0/pdf/enhanced_parallel.go:54.21,55.21 1 1
github.com/Geek0x0/pdf/enhanced_parallel.go:55.21,57.3 1 1
github.com/Geek0x0/pdf/enhanced_parallel.go:60.2,67.55 6 1
github.com/Geek0x0/pdf/enhanced_parallel.go:67.55,70.23 3 1
github.com/Geek0x0/pdf/enhanced_parallel.go:70.23,72.4 1 1
github.com/Geek0x0/pdf/enhanced_parallel.go:74.3,75.29 2 1
github.com/Geek0x0/pdf/enhanced_parallel.go:75.29,79.11 2 1
github.com/Geek0x0/pdf/enhanced_parallel.go:80.48,81.18 1 1
github.com/Geek0x0/pdf/enhanced_parallel.go:81.18,81.48 1 1
github.com/Geek0x0/pdf/enhanced_parallel.go:82.22,83.23 1 1
github.com/Geek0x0/pdf/enhanced_parallel.go:83.23,83.52 1 1
github.com/Geek0x0/pdf/enhanced_parallel.go:84.5,84.11 1 1
github.com/Geek0x0/pdf/enhanced_parallel.go:87.4,91.35 3 1
github.com/Geek0x0/pdf/enhanced_parallel.go:91.35,92.12 1 1
github.com/Geek0x0/pdf/enhanced_parallel.go:93.23,94.24 1 1
github.com/Geek0x0/pdf/enhanced_parallel.go:94.24,94.53 1 1
github.com/Geek0x0/pdf/enhanced_parallel.go:95.6,95.12 1 1
github.com/Geek0x0/pdf/enhanced_parallel.go:96.13,96.13 0 1
github.com/Geek0x0/pdf/enhanced_parallel.go:99.5,100.19 2 1
github.com/Geek0x0/pdf/enhanced_parallel.go:100.19,101.24 1 0
github.com/Geek0x0/pdf/enhanced_parallel.go:101.24,101.47 1 0
github.com/Geek0x0/pdf/enhanced_parallel.go:102.6,102.12 1 0
github.com/Geek0x0/pdf/enhanced_parallel.go:104.5,105.50 2 1
github.com/Geek0x0/pdf/enhanced_parallel.go:110.2,112.26 2 1
github.com/Geek0x0/pdf/enhanced_parallel.go:112.26,114.3 1 1
github.com/Geek0x0/pdf/enhanced_parallel.go:116.2,116.21 1 1
github.com/Geek0x0/pdf/enhanced_parallel.go:124.21,125.21 1 0
github.com/Geek0x0/pdf/enhanced_parallel.go:125.21,127.3 1 0
github.com/Geek0x0/pdf/enhanced_parallel.go:129.2,130.29 2 0
github.com/Geek0x0/pdf/enhanced_parallel.go:130.29,132.3 1 0
github.com/Geek0x0/pdf/enhanced_parallel.go:135.2,151.34 6 0
github.com/Geek0x0/pdf/enhanced_parallel.go:151.34,153.25 2 0
github.com/Geek0x0/pdf/enhanced_parallel.go:153.25,156.27 2 0
github.com/Geek0x0/pdf/enhanced_parallel.go:156.27,157.12 1 0
github.com/Geek0x0/pdf/enhanced_parallel.go:158.23,160.12 2 0
github.com/Geek0x0/pdf/enhanced_parallel.go:161.13,161.13 0 0
github.com/Geek0x0/pdf/enhanced_parallel.go:164.5,169.6 2 0
github.com/Geek0x0/pdf/enhanced_parallel.go:175.2,175.12 1 0
github.com/Geek0x0/pdf/enhanced_parallel.go:175.12,177.30 2 0
github.com/Geek0x0/pdf/enhanced_parallel.go:177.30,178.11 1 0
github.com/Geek0x0/pdf/enhanced_parallel.go:179.22,180.11 1 0
github.com/Geek0x0/pdf/enhanced_parallel.go:181.46,181.46 0 0
github.com/Geek0x0/pdf/enhanced_parallel.go:187.2,187.12 1 0
github.com/Geek0x0/pdf/enhanced_parallel.go:187.12,190.3 2 0
github.com/Geek0x0/pdf/enhanced_parallel.go:193.2,195.30 3 0
github.com/Geek0x0/pdf/enhanced_parallel.go:195.30,196.40 1 0
github.com/Geek0x0/pdf/enhanced_parallel.go:196.40,198.4 1 0
github.com/Geek0x0/pdf/enhanced_parallel.go:199.3,199.33 1 0
github.com/Geek0x0/pdf/enhanced_parallel.go:202.2,202.21 1 0
github.com/Geek0x0/pdf/enhanced_parallel.go:202.21,204.3 1 0
github.com/Geek0x0/pdf/enhanced_parallel.go:206.2,206.21 1 0
github.com/Geek0x0/pdf/enhanced_parallel.go:214.21,215.41 1 0
github.com/Geek0x0/pdf/enhanced_parallel.go:215.41,217.3 1 0
github.com/Geek0x0/pdf/enhanced_parallel.go:220.2,228.29 6 0
github.com/Geek0x0/pdf/enhanced_parallel.go:228.29,230.28 2 0
github.com/Geek0x0/pdf/enhanced_parallel.go:230.28,233.11 2 0
github.com/Geek0x0/pdf/enhanced_parallel.go:234.33,235.18 1 0
github.com/Geek0x0/pdf/enhanced_parallel.go:235.18,235.33 1 0
github.com/Geek0x0/pdf/enhanced_parallel.go:236.22,238.27 2 0
github.com/Geek0x0/pdf/enhanced_parallel.go:238.27,240.6 1 0
github.com/Geek0x0/pdf/enhanced_parallel.go:241.5,242.11 2 0
github.com/Geek0x0/pdf/enhanced_parallel.go:246.4,250.33 3 0
github.com/Geek0x0/pdf/enhanced_parallel.go:250.33,252.19 2 0
github.com/Geek0x0/pdf/enhanced_parallel.go:252.19,254.28 2 0
github.com/Geek0x0/pdf/enhanced_parallel.go:254.28,256.7 1 0
github.com/Geek0x0/pdf/enhanced_parallel.go:257.6,258.12 2 0
github.com/Geek0x0/pdf/enhanced_parallel.go:262.4,264.15 3 0
github.com/Geek0x0/pdf/enhanced_parallel.go:268.2,270.24 2 0
github.com/Geek0x0/pdf/enhanced_parallel.go:270.24,272.3 1 0
github.com/Geek0x0/pdf/enhanced_parallel.go:274.2,274.28 1 0
github.com/Geek0x0/pdf/enhanced_parallel.go:287.60,288.14 1 0
github.com/Geek0x0/pdf/enhanced_parallel.go:288.14,290.3 1 0
github.com/Geek0x0/pdf/enhanced_parallel.go:291.2,291.27 1 0
github.com/Geek0x0/pdf/enhanced_parallel.go:291.27,293.3 1 0
github.com/Geek0x0/pdf/enhanced_parallel.go:295.2,302.11 3 0
github.com/Geek0x0/pdf/enhanced_parallel.go:306.46,314.18 4 0
github.com/Geek0x0/pdf/enhanced_parallel.go:314.18,315.37 1 0
github.com/Geek0x0/pdf/enhanced_parallel.go:315.37,317.4 1 0
github.com/Geek0x0/pdf/enhanced_parallel.go:318.8,318.43 1 0
github.com/Geek0x0/pdf/enhanced_parallel.go:318.43,321.3 1 0
github.com/Geek0x0/pdf/enhanced_parallel.go:325.51,327.2 1 0
github.com/Geek0x0/pdf/enhanced_parallel.go:334.21,340.2 3 0
github.com/Geek0x0/pdf/enhanced_parallel.go:343.50,349.2 1 0
github.com/Geek0x0/pdf/enhanced_parallel.go:367.59,373.2 1 1
github.com/Geek0x0/pdf/enhanced_parallel.go:379.21,380.87 1 1
github.com/Geek0x0/pdf/enhanced_parallel.go:380.87,384.3 2 1
github.com/Geek0x0/pdf/enhanced_parallel.go:388.64,390.2 1 1
github.com/Geek0x0/pdf/enhanced_parallel.go:393.63,395.2 1 1
github.com/Geek0x0/pdf/enhanced_parallel.go:398.38,400.2 1 1
github.com/Geek0x0/pdf/errors.go:21.35,22.16 1 1
github.com/Geek0x0/pdf/errors.go:22.16,24.3 1 1
github.com/Geek0x0/pdf/errors.go:25.2,25.18 1 1
github.com/Geek0x0/pdf/errors.go:25.18,27.3 1 0
github.com/Geek0x0/pdf/errors.go:28.2,28.48 1 1
github.com/Geek0x0/pdf/errors.go:31.35,33.2 1 1
github.com/Geek0x0/pdf/errors.go:63.44,64.16 1 1
github.com/Geek0x0/pdf/errors.go:64.16,66.3 1 1
github.com/Geek0x0/pdf/errors.go:67.2,67.36 1 1
github.com/Geek0x0/pdf/errors.go:71.58,72.16 1 1
github.com/Geek0x0/pdf/errors.go:72.16,74.3 1 1
github.com/Geek0x0/pdf/errors.go:75.2,75.48 1 1
github.com/Geek0x0/pdf/extract.go:21.98,23.16 2 1
github.com/Geek0x0/pdf/extract.go:23.16,25.3 1 0
github.com/Geek0x0/pdf/extract.go:27.2,28.18 2 1
github.com/Geek0x0/pdf/extract.go:28.18,30.3 1 1
github.com/Geek0x0/pdf/extract.go:31.2,31.21 1 1
github.com/Geek0x0/pdf/extract.go:31.21,33.3 1 1
github.com/Geek0x0/pdf/extract.go:36.2,37.21 2 1
github.com/Geek0x0/pdf/extract.go:37.21,39.30 2 1
github.com/Geek0x0/pdf/extract.go:39.30,41.4 1 1
github.com/Geek0x0/pdf/extract.go:44.2,49.19 5 1
github.com/Geek0x0/pdf/extract.go:49.19,51.25 2 1
github.com/Geek0x0/pdf/extract.go:51.25,52.11 1 1
github.com/Geek0x0/pdf/extract.go:53.22,54.11 1 1
github.com/Geek0x0/pdf/extract.go:55.12,55.12 0 1
github.com/Geek0x0/pdf/extract.go:58.4,60.18 3 1
github.com/Geek0x0/pdf/extract.go:60.18,61.12 1 0
github.com/Geek0x0/pdf/extract.go:62.63,62.63 0 0
github.com/Geek0x0/pdf/extract.go:63.13,63.13 0 0
github.com/Geek0x0/pdf/extract.go:65.5,65.11 1 0
github.com/Geek0x0/pdf/extract.go:67.4,67.23 1 1
github.com/Geek0x0/pdf/extract.go:71.2,72.31 2 1
github.com/Geek0x0/pdf/extract.go:72.31,74.3 1 1
github.com/Geek0x0/pdf/extract.go:77.2,77.26 1 1
github.com/Geek0x0/pdf/extract.go:77.26,78.10 1 1
github.com/Geek0x0/pdf/extract.go:79.21,81.25 2 1
github.com/Geek0x0/pdf/extract.go:82.18,82.18 0 1
github.com/Geek0x0/pdf/extract.go:85.2,91.9 3 1
github.com/Geek0x0/pdf/extract.go:92.22,93.18 1 0
github.com/Geek0x0/pdf/extract.go:94.10,94.10 0 1
github.com/Geek0x0/pdf/extract.go:98.2,99.31 2 1
github.com/Geek0x0/pdf/extract.go:99.31,101.3 1 1
github.com/Geek0x0/pdf/extract.go:102.2,102.18 1 1
github.com/Geek0x0/pdf/extract.go:112.45,114.2 1 1
github.com/Geek0x0/pdf/extract.go:116.57,117.29 1 1
github.com/Geek0x0/pdf/extract.go:117.29,123.22 5 1
github.com/Geek0x0/pdf/extract.go:123.22,126.4 2 1
github.com/Geek0x0/pdf/extract.go:128.3,128.18 1 1
github.com/Geek0x0/pdf/extract.go:128.18,130.4 1 1
github.com/Geek0x0/pdf/extract.go:133.2,133.12 1 1
github.com/Geek0x0/pdf/extract.go:133.12,135.3 1 1
github.com/Geek0x0/pdf/extract.go:136.2,136.15 1 1
github.com/Geek0x0/pdf/extract.go:139.30,141.2 1 1
github.com/Geek0x0/pdf/extractor.go:42.41,50.2 1 1
github.com/Geek0x0/pdf/extractor.go:53.55,56.2 2 0
github.com/Geek0x0/pdf/extractor.go:59.47,60.12 1 1
github.com/Geek0x0/pdf/extractor.go:60.12,62.3 1 0
github.com/Geek0x0/pdf/extractor.go:63.2,64.10 2 1
github.com/Geek0x0/pdf/extractor.go:68.52,71.2 2 1
github.com/Geek0x0/pdf/extractor.go:74.60,77.2 2 1
github.com/Geek0x0/pdf/extractor.go:80.61,83.2 2 1
github.com/Geek0x0/pdf/extractor.go:86.55,93.16 3 1
github.com/Geek0x0/pdf/extractor.go:93.16,95.14 1 0
github.com/Geek0x0/pdf/extractor.go:95.14,97.4 1 0
github.com/Geek0x0/pdf/extractor.go:99.2,104.16 3 1
github.com/Geek0x0/pdf/extractor.go:105.17,107.17 2 1
github.com/Geek0x0/pdf/extractor.go:107.17,109.4 1 0
github.com/Geek0x0/pdf/extractor.go:110.3,110.21 1 1
github.com/Geek0x0/pdf/extractor.go:112.18,114.17 2 1
github.com/Geek0x0/pdf/extractor.go:114.17,116.4 1 0
github.com/Geek0x0/pdf/extractor.go:117.3,117.29 1 1
github.com/Geek0x0/pdf/extractor.go:119.22,121.17 2 1
github.com/Geek0x0/pdf/extractor.go:121.17,123.4 1 0
github.com/Geek0x0/pdf/extractor.go:124.3,124.35 1 1
github.com/Geek0x0/pdf/extractor.go:127.2,127.20 1 1
github.com/Geek0x0/pdf/extractor.go:131.51,134.16 3 1
github.com/Geek0x0/pdf/extractor.go:134.16,136.3 1 0
github.com/Geek0x0/pdf/extractor.go:137.2,137.25 1 1
github.com/Geek0x0/pdf/extractor.go:141.58,144.16 3 1
github.com/Geek0x0/pdf/extractor.go:144.16,146.3 1 0
github.com/Geek0x0/pdf/extractor.go:147.2,147.32 1 1
github.com/Geek0x0/pdf/extractor.go:151.68,154.16 3 1
github.com/Geek0x0/pdf/extractor.go:154.16,156.3 1 0
github.com/Geek0x0/pdf/extractor.go:157.2,157.37 1 1
github.com/Geek0x0/pdf/extractor.go:161.44,162.26 1 1
github.com/Geek0x0/pdf/extractor.go:162.26,164.3 1 1
github.com/Geek0x0/pdf/extractor.go:167.2,168.23 2 0
github.com/Geek0x0/pdf/extractor.go:168.23,170.3 1 0
github.com/Geek0x0/pdf/extractor.go:171.2,171.14 1 0
github.com/Geek0x0/pdf/extractor.go:175.67,176.39 1 1
github.com/Geek0x0/pdf/extractor.go:176.39,179.3 1 1
github.com/Geek0x0/pdf/extractor.go:182.2,188.16 3 0
github.com/Geek0x0/pdf/extractor.go:188.16,190.3 1 0
github.com/Geek0x0/pdf/extractor.go:192.2,193.16 2 0
github.com/Geek0x0/pdf/extractor.go:193.16,195.3 1 0
github.com/Geek0x0/pdf/extractor.go:197.2,197.26 1 0
github.com/Geek0x0/pdf/extractor.go:201.77,206.32 2 1
github.com/Geek0x0/pdf/extractor.go:206.32,207.10 1 1
github.com/Geek0x0/pdf/extractor.go:208.23,209.40 1 0
github.com/Geek0x0/pdf/extractor.go:210.11,210.11 0 1
github.com/Geek0x0/pdf/extractor.go:213.3,217.22 4 1
github.com/Geek0x0/pdf/extractor.go:217.22,219.4 1 1
github.com/Geek0x0/pdf/extractor.go:219.9,221.4 1 0
github.com/Geek0x0/pdf/extractor.go:223.3,223.17 1 1
github.com/Geek0x0/pdf/extractor.go:223.17,229.4 1 0
github.com/Geek0x0/pdf/extractor.go:231.3,232.23 2 1
github.com/Geek0x0/pdf/extractor.go:232.23,234.4 1 1
github.com/Geek0x0/pdf/extractor.go:238.2,238.34 1 1
github.com/Geek0x0/pdf/extractor.go:242.69,245.32 2 1
github.com/Geek0x0/pdf/extractor.go:245.32,246.10 1 1
github.com/Geek0x0/pdf/extractor.go:247.23,248.32 1 0
github.com/Geek0x0/pdf/extractor.go:249.11,249.11 0 1
github.com/Geek0x0/pdf/extractor.go:252.3,255.47 3 1
github.com/Geek0x0/pdf/extractor.go:258.2,258.22 1 1
github.com/Geek0x0/pdf/extractor.go:262.83,265.32 2 1
github.com/Geek0x0/pdf/extractor.go:265.32,266.10 1 1
github.com/Geek0x0/pdf/extractor.go:267.23,268.33 1 0
github.com/Geek0x0/pdf/extractor.go:269.11,269.11 0 1
github.com/Geek0x0/pdf/extractor.go:272.3,274.17 3 1
github.com/Geek0x0/pdf/extractor.go:274.17,280.4 1 0
github.com/Geek0x0/pdf/extractor.go:282.3,282.43 1 1
github.com/Geek0x0/pdf/extractor.go:285.2,285.23 1 1
github.com/Geek0x0/pdf/font_cache_global.go:53.42,58.2 1 1
github.com/Geek0x0/pdf/font_cache_global.go:61.46,66.35 3 1
github.com/Geek0x0/pdf/font_cache_global.go:66.35,72.41 3 1
github.com/Geek0x0/pdf/font_cache_global.go:72.41,74.4 1 1
github.com/Geek0x0/pdf/font_cache_global.go:78.2,80.37 3 1
github.com/Geek0x0/pdf/font_cache_global.go:84.52,88.25 3 1
github.com/Geek0x0/pdf/font_cache_global.go:88.25,90.3 1 0
github.com/Geek0x0/pdf/font_cache_global.go:92.2,92.28 1 1
github.com/Geek0x0/pdf/font_cache_global.go:96.47,100.35 3 1
github.com/Geek0x0/pdf/font_cache_global.go:100.35,105.41 3 1
github.com/Geek0x0/pdf/font_cache_global.go:105.41,107.4 1 1
github.com/Geek0x0/pdf/font_cache_global.go:118.44,119.40 1 1
github.com/Geek0x0/pdf/font_cache_global.go:119.40,121.3 1 1
github.com/Geek0x0/pdf/font_cache_global.go:122.2,122.32 1 1
github.com/Geek0x0/pdf/font_cache_global.go:126.80,127.21 1 1
github.com/Geek0x0/pdf/font_cache_global.go:127.21,129.3 1 0
github.com/Geek0x0/pdf/font_cache_global.go:130.2,130.17 1 1
github.com/Geek0x0/pdf/font_cache_global.go:130.17,132.3 1 1
github.com/Geek0x0/pdf/font_cache_global.go:134.2,139.3 1 1
github.com/Geek0x0/pdf/font_cache_global.go:143.38,144.14 1 1
github.com/Geek0x0/pdf/font_cache_global.go:144.14,146.3 1 0
github.com/Geek0x0/pdf/font_cache_global.go:149.2,163.30 7 1
github.com/Geek0x0/pdf/font_cache_global.go:163.30,165.3 1 1
github.com/Geek0x0/pdf/font_cache_global.go:166.2,166.34 1 1
github.com/Geek0x0/pdf/font_cache_global.go:166.34,170.26 3 0
github.com/Geek0x0/pdf/font_cache_global.go:170.26,172.4 1 0
github.com/Geek0x0/pdf/font_cache_global.go:173.3,173.25 1 0
github.com/Geek0x0/pdf/font_cache_global.go:176.2,176.44 1 1
github.com/Geek0x0/pdf/font_cache_global.go:180.59,185.9 4 1
github.com/Geek0x0/pdf/font_cache_global.go:185.9,190.3 4 1
github.com/Geek0x0/pdf/font_cache_global.go:193.2,193.48 1 1
github.com/Geek0x0/pdf/font_cache_global.go:193.48,200.3 5 1
github.com/Geek0x0/pdf/font_cache_global.go:203.2,212.26 7 1
github.com/Geek0x0/pdf/font_cache_global.go:216.57,217.17 1 1
github.com/Geek0x0/pdf/font_cache_global.go:217.17,219.3 1 0
github.com/Geek0x0/pdf/font_cache_global.go:221.2,227.33 4 1
github.com/Geek0x0/pdf/font_cache_global.go:227.33,235.3 6 0
github.com/Geek0x0/pdf/font_cache_global.go:238.2,238.38 1 1
github.com/Geek0x0/pdf/font_cache_global.go:238.38,240.3 1 1
github.com/Geek0x0/pdf/font_cache_global.go:243.2,251.27 2 1
github.com/Geek0x0/pdf/font_cache_global.go:256.43,258.9 2 1
github.com/Geek0x0/pdf/font_cache_global.go:258.9,260.3 1 0
github.com/Geek0x0/pdf/font_cache_global.go:262.2,263.34 2 1
github.com/Geek0x0/pdf/font_cache_global.go:267.48,273.2 4 1
github.com/Geek0x0/pdf/font_cache_global.go:276.37,282.2 4 1
github.com/Geek0x0/pdf/font_cache_global.go:295.55,301.15 5 1
github.com/Geek0x0/pdf/font_cache_global.go:301.15,303.3 1 1
github.com/Geek0x0/pdf/font_cache_global.go:306.2,307.35 2 1
github.com/Geek0x0/pdf/font_cache_global.go:307.35,309.3 1 1
github.com/Geek0x0/pdf/font_cache_global.go:310.2,311.24 2 1
github.com/Geek0x0/pdf/font_cache_global.go:311.24,313.3 1 1
github.com/Geek0x0/pdf/font_cache_global.go:315.2,322.3 1 1
github.com/Geek0x0/pdf/font_cache_global.go:326.43,334.37 6 1
github.com/Geek0x0/pdf/font_cache_global.go:334.37,335.46 1 1
github.com/Geek0x0/pdf/font_cache_global.go:335.46,337.4 1 1
github.com/Geek0x0/pdf/font_cache_global.go:340.2,340.35 1 1
github.com/Geek0x0/pdf/font_cache_global.go:340.35,344.3 3 1
github.com/Geek0x0/pdf/font_cache_global.go:346.2,346.16 1 1
github.com/Geek0x0/pdf/font_cache_global.go:350.87,353.12 2 0
github.com/Geek0x0/pdf/font_cache_global.go:353.12,357.7 3 0
github.com/Geek0x0/pdf/font_cache_global.go:357.7,358.11 1 0
github.com/Geek0x0/pdf/font_cache_global.go:359.20,360.18 1 0
github.com/Geek0x0/pdf/font_cache_global.go:361.16,362.11 1 0
github.com/Geek0x0/pdf/font_cache_global.go:367.2,367.13 1 0
github.com/Geek0x0/pdf/font_cache_global.go:372.100,374.34 1 0
github.com/Geek0x0/pdf/font_cache_global.go:374.34,376.3 1 0
github.com/Geek0x0/pdf/font_cache_global.go:379.2,380.16 2 0
github.com/Geek0x0/pdf/font_cache_global.go:380.16,382.3 1 0
github.com/Geek0x0/pdf/font_cache_global.go:385.2,387.18 2 0
github.com/Geek0x0/pdf/font_cache_optimized.go:65.26,67.3 1 1
github.com/Geek0x0/pdf/font_cache_optimized.go:71.67,72.24 1 1
github.com/Geek0x0/pdf/font_cache_optimized.go:72.24,74.3 1 0
github.com/Geek0x0/pdf/font_cache_optimized.go:76.2,81.25 3 1
github.com/Geek0x0/pdf/font_cache_optimized.go:81.25,83.3 1 0
github.com/Geek0x0/pdf/font_cache_optimized.go:85.2,85.26 1 1
github.com/Geek0x0/pdf/font_cache_optimized.go:85.26,94.3 3 1
github.com/Geek0x0/pdf/font_cache_optimized.go:96.2,96.12 1 1
github.com/Geek0x0/pdf/font_cache_optimized.go:101.32,108.30 3 1
github.com/Geek0x0/pdf/font_cache_optimized.go:108.30,111.3 2 1
github.com/Geek0x0/pdf/font_cache_optimized.go:112.2,112.13 1 1
github.com/Geek0x0/pdf/font_cache_optimized.go:116.68,119.2 2 1
github.com/Geek0x0/pdf/font_cache_optimized.go:122.62,130.9 5 1
github.com/Geek0x0/pdf/font_cache_optimized.go:130.9,133.3 2 1
github.com/Geek0x0/pdf/font_cache_optimized.go:136.2,141.25 4 1
github.com/Geek0x0/pdf/font_cache_optimized.go:145.60,146.17 1 1
github.com/Geek0x0/pdf/font_cache_optimized.go:146.17,148.3 1 0
github.com/Geek0x0/pdf/font_cache_optimized.go:150.2,156.45 4 1
github.com/Geek0x0/pdf/font_cache_optimized.go:156.45,170.3 8 0
github.com/Geek0x0/pdf/font_cache_optimized.go:173.2,173.45 1 1
github.com/Geek0x0/pdf/font_cache_optimized.go:173.45,175.3 1 1
github.com/Geek0x0/pdf/font_cache_optimized.go:178.2,194.20 10 1
github.com/Geek0x0/pdf/font_cache_optimized.go:198.39,203.35 3 1
github.com/Geek0x0/pdf/font_cache_optimized.go:203.35,205.3 1 1
github.com/Geek0x0/pdf/font_cache_optimized.go:206.2,209.62 2 1
github.com/Geek0x0/pdf/font_cache_optimized.go:214.66,215.25 1 0
github.com/Geek0x0/pdf/font_cache_optimized.go:215.25,217.3 1 0
github.com/Geek0x0/pdf/font_cache_optimized.go:220.2,220.23 1 0
github.com/Geek0x0/pdf/font_cache_optimized.go:220.23,222.3 1 0
github.com/Geek0x0/pdf/font_cache_optimized.go:223.2,223.23 1 0
github.com/Geek0x0/pdf/font_cache_optimized.go:223.23,225.3 1 0
github.com/Geek0x0/pdf/font_cache_optimized.go:226.2,226.25 1 0
github.com/Geek0x0/pdf/font_cache_optimized.go:226.25,228.3 1 0
github.com/Geek0x0/pdf/font_cache_optimized.go:231.2,233.23 3 0
github.com/Geek0x0/pdf/font_cache_optimized.go:233.23,235.3 1 0
github.com/Geek0x0/pdf/font_cache_optimized.go:236.2,238.23 2 0
github.com/Geek0x0/pdf/font_cache_optimized.go:238.23,240.3 1 0
github.com/Geek0x0/pdf/font_cache_optimized.go:245.65,249.23 3 1
github.com/Geek0x0/pdf/font_cache_optimized.go:249.23,251.3 1 1
github.com/Geek0x0/pdf/font_cache_optimized.go:252.2,254.23 2 1
github.com/Geek0x0/pdf/font_cache_optimized.go:254.23,256.3 1 1
github.com/Geek0x0/pdf/font_cache_optimized.go:261.37,262.23 1 1
github.com/Geek0x0/pdf/font_cache_optimized.go:262.23,264.3 1 0
github.com/Geek0x0/pdf/font_cache_optimized.go:267.2,270.28 2 1
github.com/Geek0x0/pdf/font_cache_optimized.go:270.28,272.3 1 1
github.com/Geek0x0/pdf/font_cache_optimized.go:273.2,276.23 3 1
github.com/Geek0x0/pdf/font_cache_optimized.go:276.23,278.3 1 0
github.com/Geek0x0/pdf/font_cache_optimized.go:281.2,286.36 5 1
github.com/Geek0x0/pdf/font_cache_optimized.go:290.42,291.14 1 1
github.com/Geek0x0/pdf/font_cache_optimized.go:291.14,293.3 1 0
github.com/Geek0x0/pdf/font_cache_optimized.go:295.2,304.41 4 1
github.com/Geek0x0/pdf/font_cache_optimized.go:304.41,307.3 2 0
github.com/Geek0x0/pdf/font_cache_optimized.go:310.2,311.36 2 1
github.com/Geek0x0/pdf/font_cache_optimized.go:311.36,314.3 2 0
github.com/Geek0x0/pdf/font_cache_optimized.go:317.2,322.13 5 1
github.com/Geek0x0/pdf/font_cache_optimized.go:326.58,331.35 4 1
github.com/Geek0x0/pdf/font_cache_optimized.go:331.35,340.3 7 1
github.com/Geek0x0/pdf/font_cache_optimized.go:342.2,344.15 3 1
github.com/Geek0x0/pdf/font_cache_optimized.go:344.15,346.3 1 1
github.com/Geek0x0/pdf/font_cache_optimized.go:348.2,354.3 1 1
github.com/Geek0x0/pdf/font_cache_optimized.go:358.40,359.35 1 1
github.com/Geek0x0/pdf/font_cache_optimized.go:359.35,363.40 2 1
github.com/Geek0x0/pdf/font_cache_optimized.go:363.40,368.4 4 1
github.com/Geek0x0/pdf/font_cache_optimized.go:370.3,377.21 5 1
github.com/Geek0x0/pdf/font_cache_optimized.go:382.51,389.9 5 0
github.com/Geek0x0/pdf/font_cache_optimized.go:389.9,391.3 1 0
github.com/Geek0x0/pdf/font_cache_optimized.go:394.2,397.23 2 0
github.com/Geek0x0/pdf/font_cache_optimized.go:397.23,399.3 1 0
github.com/Geek0x0/pdf/font_cache_optimized.go:400.2,400.23 1 0
github.com/Geek0x0/pdf/font_cache_optimized.go:400.23,402.3 1 0
github.com/Geek0x0/pdf/font_cache_optimized.go:403.2,403.25 1 0
github.com/Geek0x0/pdf/font_cache_optimized.go:403.25,405.3 1 0
github.com/Geek0x0/pdf/font_cache_optimized.go:406.2,406.25 1 0
github.com/Geek0x0/pdf/font_cache_optimized.go:406.25,408.3 1 0
github.com/Geek0x0/pdf/font_cache_optimized.go:411.2,417.20 5 0
github.com/Geek0x0/pdf/font_cache_optimized.go:421.103,423.34 1 0
github.com/Geek0x0/pdf/font_cache_optimized.go:423.34,425.3 1 0
github.com/Geek0x0/pdf/font_cache_optimized.go:428.2,429.16 2 0
github.com/Geek0x0/pdf/font_cache_optimized.go:429.16,431.3 1 0
github.com/Geek0x0/pdf/font_cache_optimized.go:434.2,436.18 2 0
github.com/Geek0x0/pdf/font_cache_optimized.go:440.97,444.27 3 0
github.com/Geek0x0/pdf/font_cache_optimized.go:444.27,446.32 1 0
github.com/Geek0x0/pdf/font_cache_optimized.go:446.32,447.12 1 0
github.com/Geek0x0/pdf/font_cache_optimized.go:450.3,451.21 2 0
github.com/Geek0x0/pdf/font_cache_optimized.go:451.21,454.17 3 0
github.com/Geek0x0/pdf/font_cache_optimized.go:454.17,454.32 1 0
github.com/Geek0x0/pdf/font_cache_optimized.go:456.4,457.33 2 0
github.com/Geek0x0/pdf/font_cache_optimized.go:457.33,459.5 1 0
github.com/Geek0x0/pdf/font_cache_optimized.go:463.2,463.11 1 0
github.com/Geek0x0/pdf/font_prefetch.go:57.67,75.2 4 1
github.com/Geek0x0/pdf/font_prefetch.go:78.78,79.21 1 1
github.com/Geek0x0/pdf/font_prefetch.go:79.21,81.3 1 0
github.com/Geek0x0/pdf/font_prefetch.go:83.2,86.13 3 1
github.com/Geek0x0/pdf/font_prefetch.go:86.13,94.64 3 1
github.com/Geek0x0/pdf/font_prefetch.go:94.64,98.48 3 1
github.com/Geek0x0/pdf/font_prefetch.go:98.48,99.40 1 1
github.com/Geek0x0/pdf/font_prefetch.go:99.40,102.6 2 1
github.com/Geek0x0/pdf/font_prefetch.go:104.4,104.20 1 1
github.com/Geek0x0/pdf/font_prefetch.go:104.20,106.5 1 1
github.com/Geek0x0/pdf/font_prefetch.go:110.2,116.34 3 1
github.com/Geek0x0/pdf/font_prefetch.go:116.34,118.31 2 1
github.com/Geek0x0/pdf/font_prefetch.go:118.31,120.4 1 1
github.com/Geek0x0/pdf/font_prefetch.go:120.9,125.4 1 1
github.com/Geek0x0/pdf/font_prefetch.go:128.3,128.53 1 1
github.com/Geek0x0/pdf/font_prefetch.go:131.2,134.41 2 1
github.com/Geek0x0/pdf/font_prefetch.go:134.41,135.28 1 1
github.com/Geek0x0/pdf/font_prefetch.go:135.28,137.4 1 1
github.com/Geek0x0/pdf/font_prefetch.go:140.2,143.30 2 1
github.com/Geek0x0/pdf/font_prefetch.go:147.60,152.13 4 1
github.com/Geek0x0/pdf/font_prefetch.go:152.13,154.3 1 1
github.com/Geek0x0/pdf/font_prefetch.go:157.2,157.55 1 1
github.com/Geek0x0/pdf/font_prefetch.go:157.55,159.52 1 1
github.com/Geek0x0/pdf/font_prefetch.go:159.52,160.12 1 0
github.com/Geek0x0/pdf/font_prefetch.go:164.3,168.70 3 1
github.com/Geek0x0/pdf/font_prefetch.go:168.70,170.60 1 0
github.com/Geek0x0/pdf/font_prefetch.go:170.60,172.5 1 0
github.com/Geek0x0/pdf/font_prefetch.go:174.3,181.5 2 1
github.com/Geek0x0/pdf/font_prefetch.go:186.63,191.50 3 1
github.com/Geek0x0/pdf/font_prefetch.go:191.50,192.39 1 1
github.com/Geek0x0/pdf/font_prefetch.go:192.39,194.41 1 1
github.com/Geek0x0/pdf/font_prefetch.go:194.41,197.5 2 1
github.com/Geek0x0/pdf/font_prefetch.go:198.4,198.10 1 1
github.com/Geek0x0/pdf/font_prefetch.go:203.2,203.35 1 1
github.com/Geek0x0/pdf/font_prefetch.go:207.44,211.6 3 1
github.com/Geek0x0/pdf/font_prefetch.go:211.6,212.10 1 1
github.com/Geek0x0/pdf/font_prefetch.go:213.22,214.10 1 1
github.com/Geek0x0/pdf/font_prefetch.go:215.19,216.23 1 1
github.com/Geek0x0/pdf/font_prefetch.go:216.23,217.13 1 0
github.com/Geek0x0/pdf/font_prefetch.go:219.4,219.29 1 1
github.com/Geek0x0/pdf/font_prefetch.go:225.50,230.63 3 1
github.com/Geek0x0/pdf/font_prefetch.go:230.63,235.38 3 1
github.com/Geek0x0/pdf/font_prefetch.go:235.38,237.12 2 0
github.com/Geek0x0/pdf/font_prefetch.go:241.3,241.54 1 1
github.com/Geek0x0/pdf/font_prefetch.go:241.54,243.12 2 0
github.com/Geek0x0/pdf/font_prefetch.go:250.3,250.29 1 1
github.com/Geek0x0/pdf/font_prefetch.go:253.2,253.30 1 1
github.com/Geek0x0/pdf/font_prefetch.go:257.36,259.2 1 1
github.com/Geek0x0/pdf/font_prefetch.go:262.37,264.2 1 1
github.com/Geek0x0/pdf/font_prefetch.go:267.44,269.2 1 1
github.com/Geek0x0/pdf/font_prefetch.go:272.52,286.2 7 1
github.com/Geek0x0/pdf/font_prefetch.go:296.43,300.2 3 1
github.com/Geek0x0/pdf/font_prefetch.go:303.35,305.2 1 1
github.com/Geek0x0/pdf/font_prefetch.go:309.36,311.2 1 1
github.com/Geek0x0/pdf/font_prefetch.go:313.46,316.2 1 1
github.com/Geek0x0/pdf/font_prefetch.go:318.41,322.2 3 1
github.com/Geek0x0/pdf/font_prefetch.go:324.46,328.2 3 1
github.com/Geek0x0/pdf/font_prefetch.go:330.44,333.12 3 1
github.com/Geek0x0/pdf/font_prefetch.go:333.12,335.3 1 0
github.com/Geek0x0/pdf/font_prefetch.go:336.2,340.13 5 1
github.com/Geek0x0/pdf/lex.go:51.51,56.2 4 1
github.com/Geek0x0/pdf/lex.go:58.37,63.2 4 1
github.com/Geek0x0/pdf/lex.go:65.34,66.25 1 1
github.com/Geek0x0/pdf/lex.go:66.25,68.26 2 1
github.com/Geek0x0/pdf/lex.go:68.26,70.4 1 1
github.com/Geek0x0/pdf/lex.go:72.2,74.10 3 1
github.com/Geek0x0/pdf/lex.go:77.61,78.36 1 0
github.com/Geek0x0/pdf/lex.go:81.32,84.26 3 1
github.com/Geek0x0/pdf/lex.go:84.26,87.34 3 1
github.com/Geek0x0/pdf/lex.go:87.34,90.4 2 1
github.com/Geek0x0/pdf/lex.go:91.3,92.15 2 0
github.com/Geek0x0/pdf/lex.go:94.2,97.13 4 1
github.com/Geek0x0/pdf/lex.go:100.44,101.24 1 1
github.com/Geek0x0/pdf/lex.go:101.24,102.18 1 0
github.com/Geek0x0/pdf/lex.go:102.18,104.4 1 0
github.com/Geek0x0/pdf/lex.go:106.2,106.43 1 1
github.com/Geek0x0/pdf/lex.go:109.37,111.2 1 1
github.com/Geek0x0/pdf/lex.go:113.31,114.15 1 1
github.com/Geek0x0/pdf/lex.go:114.15,116.3 1 1
github.com/Geek0x0/pdf/lex.go:119.39,121.2 1 1
github.com/Geek0x0/pdf/lex.go:123.36,124.31 1 1
github.com/Geek0x0/pdf/lex.go:124.31,128.3 3 1
github.com/Geek0x0/pdf/lex.go:131.2,132.6 2 1
github.com/Geek0x0/pdf/lex.go:132.6,133.17 1 1
github.com/Geek0x0/pdf/lex.go:133.17,134.13 1 1
github.com/Geek0x0/pdf/lex.go:134.13,136.5 1 1
github.com/Geek0x0/pdf/lex.go:137.4,137.20 1 1
github.com/Geek0x0/pdf/lex.go:138.9,138.22 1 1
github.com/Geek0x0/pdf/lex.go:138.22,139.31 1 0
github.com/Geek0x0/pdf/lex.go:139.31,141.5 1 0
github.com/Geek0x0/pdf/lex.go:142.9,143.9 1 1
github.com/Geek0x0/pdf/lex.go:147.2,147.11 1 1
github.com/Geek0x0/pdf/lex.go:148.11,149.26 1 1
github.com/Geek0x0/pdf/lex.go:149.26,151.4 1 1
github.com/Geek0x0/pdf/lex.go:152.3,153.27 2 0
github.com/Geek0x0/pdf/lex.go:155.11,156.31 1 1
github.com/Geek0x0/pdf/lex.go:158.26,159.28 1 1
github.com/Geek0x0/pdf/lex.go:161.11,162.22 1 1
github.com/Geek0x0/pdf/lex.go:164.11,165.26 1 1
github.com/Geek0x0/pdf/lex.go:165.26,167.4 1 1
github.com/Geek0x0/pdf/lex.go:168.3,169.14 2 0
github.com/Geek0x0/pdf/lex.go:171.10,172.17 1 1
github.com/Geek0x0/pdf/lex.go:172.17,175.4 2 0
github.com/Geek0x0/pdf/lex.go:176.3,177.25 2 1
github.com/Geek0x0/pdf/lex.go:181.40,183.6 2 0
github.com/Geek0x0/pdf/lex.go:183.6,184.2 1 0
github.com/Geek0x0/pdf/lex.go:185.3,186.15 2 0
github.com/Geek0x0/pdf/lex.go:186.15,187.9 1 0
github.com/Geek0x0/pdf/lex.go:189.3,189.17 1 0
github.com/Geek0x0/pdf/lex.go:189.17,190.13 1 0
github.com/Geek0x0/pdf/lex.go:193.3,194.18 2 0
github.com/Geek0x0/pdf/lex.go:194.18,195.14 1 0
github.com/Geek0x0/pdf/lex.go:197.3,198.12 2 0
github.com/Geek0x0/pdf/lex.go:198.12,200.9 2 0
github.com/Geek0x0/pdf/lex.go:202.3,202.29 1 0
github.com/Geek0x0/pdf/lex.go:204.2,205.20 2 0
github.com/Geek0x0/pdf/lex.go:208.24,209.9 1 0
github.com/Geek0x0/pdf/lex.go:210.28,211.22 1 0
github.com/Geek0x0/pdf/lex.go:212.28,213.27 1 0
github.com/Geek0x0/pdf/lex.go:214.28,215.27 1 0
github.com/Geek0x0/pdf/lex.go:217.2,217.11 1 0
github.com/Geek0x0/pdf/lex.go:220.44,224.13 3 1
github.com/Geek0x0/pdf/lex.go:224.13,226.12 2 1
github.com/Geek0x0/pdf/lex.go:227.11,228.24 1 1
github.com/Geek0x0/pdf/lex.go:229.12,231.24 2 0
github.com/Geek0x0/pdf/lex.go:232.12,233.27 1 1
github.com/Geek0x0/pdf/lex.go:233.27,234.15 1 1
github.com/Geek0x0/pdf/lex.go:236.4,236.24 1 0
github.com/Geek0x0/pdf/lex.go:237.13,238.31 1 0
github.com/Geek0x0/pdf/lex.go:239.12,241.31 2 0
github.com/Geek0x0/pdf/lex.go:242.13,243.28 1 0
github.com/Geek0x0/pdf/lex.go:244.13,245.28 1 0
github.com/Geek0x0/pdf/lex.go:246.13,247.28 1 0
github.com/Geek0x0/pdf/lex.go:248.13,249.28 1 0
github.com/Geek0x0/pdf/lex.go:250.13,251.28 1 0
github.com/Geek0x0/pdf/lex.go:252.24,253.25 1 0
github.com/Geek0x0/pdf/lex.go:254.14,255.29 1 0
github.com/Geek0x0/pdf/lex.go:255.29,257.6 1 0
github.com/Geek0x0/pdf/lex.go:258.5,258.16 1 0
github.com/Geek0x0/pdf/lex.go:259.14,259.14 0 0
github.com/Geek0x0/pdf/lex.go:261.48,263.28 2 0
github.com/Geek0x0/pdf/lex.go:263.28,265.28 2 0
github.com/Geek0x0/pdf/lex.go:265.28,267.12 2 0
github.com/Geek0x0/pdf/lex.go:269.6,269.26 1 0
github.com/Geek0x0/pdf/lex.go:271.5,271.16 1 0
github.com/Geek0x0/pdf/lex.go:271.16,273.6 1 0
github.com/Geek0x0/pdf/lex.go:274.5,274.31 1 0
github.com/Geek0x0/pdf/lex.go:278.2,279.20 2 1
github.com/Geek0x0/pdf/lex.go:282.35,284.6 2 1
github.com/Geek0x0/pdf/lex.go:284.6,286.31 2 1
github.com/Geek0x0/pdf/lex.go:286.31,288.9 2 1
github.com/Geek0x0/pdf/lex.go:290.3,290.15 1 1
github.com/Geek0x0/pdf/lex.go:290.15,292.13 2 0
github.com/Geek0x0/pdf/lex.go:292.13,294.5 1 0
github.com/Geek0x0/pdf/lex.go:295.4,296.12 2 0
github.com/Geek0x0/pdf/lex.go:298.3,298.23 1 1
github.com/Geek0x0/pdf/lex.go:300.2,301.26 2 1
github.com/Geek0x0/pdf/lex.go:304.38,306.6 2 1
github.com/Geek0x0/pdf/lex.go:306.6,308.31 2 1
github.com/Geek0x0/pdf/lex.go:308.31,310.9 2 1
github.com/Geek0x0/pdf/lex.go:312.3,312.23 1 1
github.com/Geek0x0/pdf/lex.go:314.2,316.9 3 1
github.com/Geek0x0/pdf/lex.go:317.19,318.14 1 0
github.com/Geek0x0/pdf/lex.go:319.20,320.15 1 0
github.com/Geek0x0/pdf/lex.go:321.20,323.17 2 1
github.com/Geek0x0/pdf/lex.go:323.17,325.4 1 0
github.com/Geek0x0/pdf/lex.go:326.3,326.11 1 1
github.com/Geek0x0/pdf/lex.go:327.17,329.17 2 0
github.com/Geek0x0/pdf/lex.go:329.17,331.4 1 0
github.com/Geek0x0/pdf/lex.go:332.3,332.11 1 0
github.com/Geek0x0/pdf/lex.go:334.2,334.29 1 1
github.com/Geek0x0/pdf/lex.go:337.31,338.48 1 1
github.com/Geek0x0/pdf/lex.go:338.48,340.3 1 0
github.com/Geek0x0/pdf/lex.go:341.2,341.17 1 1
github.com/Geek0x0/pdf/lex.go:341.17,343.3 1 0
github.com/Geek0x0/pdf/lex.go:344.2,344.22 1 1
github.com/Geek0x0/pdf/lex.go:344.22,345.25 1 1
github.com/Geek0x0/pdf/lex.go:345.25,347.4 1 1
github.com/Geek0x0/pdf/lex.go:349.2,349.13 1 1
github.com/Geek0x0/pdf/lex.go:352.28,353.48 1 1
github.com/Geek0x0/pdf/lex.go:353.48,355.3 1 0
github.com/Geek0x0/pdf/lex.go:356.2,356.17 1 1
github.com/Geek0x0/pdf/lex.go:356.17,358.3 1 0
github.com/Geek0x0/pdf/lex.go:359.2,360.22 2 1
github.com/Geek0x0/pdf/lex.go:360.22,361.15 1 1
github.com/Geek0x0/pdf/lex.go:361.15,363.12 2 0
github.com/Geek0x0/pdf/lex.go:365.3,365.25 1 1
github.com/Geek0x0/pdf/lex.go:365.25,367.4 1 1
github.com/Geek0x0/pdf/lex.go:369.2,369.18 1 0
github.com/Geek0x0/pdf/lex.go:408.38,410.33 2 1
github.com/Geek0x0/pdf/lex.go:410.33,411.13 1 1
github.com/Geek0x0/pdf/lex.go:412.15,413.14 1 0
github.com/Geek0x0/pdf/lex.go:414.13,415.23 1 1
github.com/Geek0x0/pdf/lex.go:416.12,417.24 1 1
github.com/Geek0x0/pdf/lex.go:418.13,420.14 1 0
github.com/Geek0x0/pdf/lex.go:422.3,423.13 2 0
github.com/Geek0x0/pdf/lex.go:426.2,426.69 1 1
github.com/Geek0x0/pdf/lex.go:426.69,428.3 1 0
github.com/Geek0x0/pdf/lex.go:430.2,430.20 1 1
github.com/Geek0x0/pdf/lex.go:430.20,432.3 1 1
github.com/Geek0x0/pdf/lex.go:434.2,434.58 1 1
github.com/Geek0x0/pdf/lex.go:434.58,436.60 2 1
github.com/Geek0x0/pdf/lex.go:436.60,438.16 2 1
github.com/Geek0x0/pdf/lex.go:439.22,440.42 1 1
github.com/Geek0x0/pdf/lex.go:441.24,445.35 4 1
github.com/Geek0x0/pdf/lex.go:445.35,447.35 2 1
github.com/Geek0x0/pdf/lex.go:447.35,450.7 2 0
github.com/Geek0x0/pdf/lex.go:452.5,453.55 2 1
github.com/Geek0x0/pdf/lex.go:455.4,455.23 1 1
github.com/Geek0x0/pdf/lex.go:457.3,457.22 1 1
github.com/Geek0x0/pdf/lex.go:459.2,459.12 1 1
github.com/Geek0x0/pdf/lex.go:462.37,464.6 2 1
github.com/Geek0x0/pdf/lex.go:464.6,466.40 2 1
github.com/Geek0x0/pdf/lex.go:466.40,467.9 1 1
github.com/Geek0x0/pdf/lex.go:469.3,470.32 2 1
github.com/Geek0x0/pdf/lex.go:472.2,472.10 1 1
github.com/Geek0x0/pdf/lex.go:475.36,477.6 2 1
github.com/Geek0x0/pdf/lex.go:477.6,479.41 2 1
github.com/Geek0x0/pdf/lex.go:479.41,480.9 1 1
github.com/Geek0x0/pdf/lex.go:482.3,482.20 1 1
github.com/Geek0x0/pdf/lex.go:482.20,483.9 1 0
github.com/Geek0x0/pdf/lex.go:485.3,486.10 2 1
github.com/Geek0x0/pdf/lex.go:486.10,489.12 3 0
github.com/Geek0x0/pdf/lex.go:491.3,491.24 1 1
github.com/Geek0x0/pdf/lex.go:494.2,494.20 1 1
github.com/Geek0x0/pdf/lex.go:494.20,496.3 1 0
github.com/Geek0x0/pdf/lex.go:498.2,499.30 2 1
github.com/Geek0x0/pdf/lex.go:499.30,502.3 2 1
github.com/Geek0x0/pdf/lex.go:504.2,504.22 1 0
github.com/Geek0x0/pdf/lex.go:505.12,506.27 1 0
github.com/Geek0x0/pdf/lex.go:506.27,508.4 1 0
github.com/Geek0x0/pdf/lex.go:509.12,509.12 0 0
github.com/Geek0x0/pdf/lex.go:511.10,512.53 1 0
github.com/Geek0x0/pdf/lex.go:515.2,515.44 1 0
github.com/Geek0x0/pdf/lex.go:518.27,519.11 1 1
github.com/Geek0x0/pdf/lex.go:520.43,521.14 1 1
github.com/Geek0x0/pdf/lex.go:523.2,523.14 1 1
github.com/Geek0x0/pdf/lex.go:526.27,527.11 1 1
github.com/Geek0x0/pdf/lex.go:528.56,529.14 1 1
github.com/Geek0x0/pdf/lex.go:531.2,531.14 1 1
github.com/Geek0x0/pdf/metadata.go:27.50,34.25 3 1
github.com/Geek0x0/pdf/metadata.go:34.25,37.3 1 1
github.com/Geek0x0/pdf/metadata.go:40.2,49.23 8 1
github.com/Geek0x0/pdf/metadata.go:49.23,51.65 1 1
github.com/Geek0x0/pdf/metadata.go:51.65,53.4 1 1
github.com/Geek0x0/pdf/metadata.go:54.3,54.31 1 1
github.com/Geek0x0/pdf/metadata.go:54.31,56.16 2 1
github.com/Geek0x0/pdf/metadata.go:56.16,58.5 1 1
github.com/Geek0x0/pdf/metadata.go:63.2,79.25 4 1
github.com/Geek0x0/pdf/metadata.go:79.25,80.35 1 1
github.com/Geek0x0/pdf/metadata.go:80.35,81.26 1 1
github.com/Geek0x0/pdf/metadata.go:81.26,83.5 1 1
github.com/Geek0x0/pdf/metadata.go:88.2,90.34 3 1
github.com/Geek0x0/pdf/metadata.go:90.34,94.3 1 1
github.com/Geek0x0/pdf/metadata.go:96.2,96.18 1 1
github.com/Geek0x0/pdf/metadata.go:100.43,101.22 1 1
github.com/Geek0x0/pdf/metadata.go:101.22,103.3 1 1
github.com/Geek0x0/pdf/metadata.go:105.2,106.13 2 1
github.com/Geek0x0/pdf/metadata.go:106.13,108.3 1 0
github.com/Geek0x0/pdf/metadata.go:111.2,111.49 1 1
github.com/Geek0x0/pdf/metadata.go:111.49,114.3 1 0
github.com/Geek0x0/pdf/metadata.go:117.2,117.65 1 1
github.com/Geek0x0/pdf/metadata.go:117.65,119.3 1 0
github.com/Geek0x0/pdf/metadata.go:122.2,122.32 1 1
github.com/Geek0x0/pdf/metadata.go:126.44,132.2 1 1
github.com/Geek0x0/pdf/metadata.go:135.37,136.19 1 1
github.com/Geek0x0/pdf/metadata.go:136.19,138.3 1 1
github.com/Geek0x0/pdf/metadata.go:140.2,141.33 2 1
github.com/Geek0x0/pdf/metadata.go:141.33,144.3 2 1
github.com/Geek0x0/pdf/metadata.go:145.2,145.22 1 1
github.com/Geek0x0/pdf/metadata.go:151.38,152.22 1 1
github.com/Geek0x0/pdf/metadata.go:152.22,154.3 1 0
github.com/Geek0x0/pdf/metadata.go:156.2,157.44 2 1
github.com/Geek0x0/pdf/metadata.go:157.44,159.3 1 1
github.com/Geek0x0/pdf/metadata.go:161.2,164.17 2 1
github.com/Geek0x0/pdf/metadata.go:164.17,167.3 1 1
github.com/Geek0x0/pdf/metadata.go:169.2,178.17 8 1
github.com/Geek0x0/pdf/metadata.go:178.17,181.3 2 1
github.com/Geek0x0/pdf/metadata.go:182.2,182.16 1 1
github.com/Geek0x0/pdf/metadata.go:182.16,184.3 1 1
github.com/Geek0x0/pdf/metadata.go:186.2,186.78 1 1
github.com/Geek0x0/pdf/metadata.go:190.48,191.25 1 1
github.com/Geek0x0/pdf/metadata.go:191.25,193.3 1 1
github.com/Geek0x0/pdf/metadata.go:195.2,195.16 1 1
github.com/Geek0x0/pdf/metadata.go:195.16,197.3 1 0
github.com/Geek0x0/pdf/metadata.go:199.2,200.17 2 1
github.com/Geek0x0/pdf/metadata.go:200.17,202.3 1 1
github.com/Geek0x0/pdf/metadata.go:202.8,202.24 1 1
github.com/Geek0x0/pdf/metadata.go:202.24,204.3 1 0
github.com/Geek0x0/pdf/metadata.go:207.2,211.33 3 1
github.com/Geek0x0/pdf/metadata.go:211.33,213.3 1 1
github.com/Geek0x0/pdf/metadata.go:215.2,216.43 2 1
github.com/Geek0x0/pdf/metadata.go:220.29,222.22 2 1
github.com/Geek0x0/pdf/metadata.go:222.22,223.27 1 1
github.com/Geek0x0/pdf/metadata.go:223.27,225.4 1 1
github.com/Geek0x0/pdf/metadata.go:225.9,227.4 1 1
github.com/Geek0x0/pdf/metadata.go:229.2,229.15 1 1
github.com/Geek0x0/pdf/metadata.go:234.51,239.2 1 1
github.com/Geek0x0/pdf/metadata.go:242.35,245.19 2 1
github.com/Geek0x0/pdf/metadata.go:245.19,247.3 1 1
github.com/Geek0x0/pdf/metadata.go:248.2,248.20 1 1
github.com/Geek0x0/pdf/metadata.go:248.20,250.3 1 1
github.com/Geek0x0/pdf/metadata.go:251.2,251.21 1 1
github.com/Geek0x0/pdf/metadata.go:251.21,253.3 1 1
github.com/Geek0x0/pdf/metadata.go:254.2,254.25 1 1
github.com/Geek0x0/pdf/metadata.go:254.25,256.3 1 1
github.com/Geek0x0/pdf/metadata.go:257.2,257.21 1 1
github.com/Geek0x0/pdf/metadata.go:257.21,259.3 1 1
github.com/Geek0x0/pdf/metadata.go:260.2,260.22 1 1
github.com/Geek0x0/pdf/metadata.go:260.22,262.3 1 1
github.com/Geek0x0/pdf/metadata.go:263.2,263.30 1 1
github.com/Geek0x0/pdf/metadata.go:263.30,265.3 1 1
github.com/Geek0x0/pdf/metadata.go:266.2,266.25 1 1
github.com/Geek0x0/pdf/metadata.go:266.25,268.3 1 1
github.com/Geek0x0/pdf/metadata.go:269.2,269.21 1 1
github.com/Geek0x0/pdf/metadata.go:269.21,271.3 1 1
github.com/Geek0x0/pdf/metadata.go:273.2,273.23 1 1
github.com/Geek0x0/pdf/metadata.go:273.23,275.36 2 1
github.com/Geek0x0/pdf/metadata.go:275.36,276.36 1 1
github.com/Geek0x0/pdf/metadata.go:276.36,278.5 1 1
github.com/Geek0x0/pdf/metadata.go:282.2,282.19 1 1
github.com/Geek0x0/pdf/multilang.go:42.50,49.2 1 1
github.com/Geek0x0/pdf/multilang.go:52.73,53.16 1 1
github.com/Geek0x0/pdf/multilang.go:53.16,55.3 1 1
github.com/Geek0x0/pdf/multilang.go:57.2,65.28 7 1
github.com/Geek0x0/pdf/multilang.go:65.28,68.3 2 1
github.com/Geek0x0/pdf/multilang.go:69.2,69.28 1 1
github.com/Geek0x0/pdf/multilang.go:69.28,72.3 2 1
github.com/Geek0x0/pdf/multilang.go:73.2,73.29 1 1
github.com/Geek0x0/pdf/multilang.go:73.29,76.3 2 1
github.com/Geek0x0/pdf/multilang.go:79.2,81.20 3 1
github.com/Geek0x0/pdf/multilang.go:81.20,85.3 2 1
github.com/Geek0x0/pdf/multilang.go:88.2,88.22 1 1
github.com/Geek0x0/pdf/multilang.go:88.22,90.3 1 0
github.com/Geek0x0/pdf/multilang.go:92.2,98.3 1 1
github.com/Geek0x0/pdf/multilang.go:102.85,107.29 4 1
github.com/Geek0x0/pdf/multilang.go:107.29,110.26 2 1
github.com/Geek0x0/pdf/multilang.go:110.26,111.50 1 1
github.com/Geek0x0/pdf/multilang.go:111.50,113.5 1 1
github.com/Geek0x0/pdf/multilang.go:116.3,116.25 1 1
github.com/Geek0x0/pdf/multilang.go:116.25,117.43 1 1
github.com/Geek0x0/pdf/multilang.go:117.43,118.32 1 1
github.com/Geek0x0/pdf/multilang.go:118.32,120.11 2 1
github.com/Geek0x0/pdf/multilang.go:127.2,127.20 1 1
github.com/Geek0x0/pdf/multilang.go:127.20,129.3 1 1
github.com/Geek0x0/pdf/multilang.go:131.2,131.14 1 1
github.com/Geek0x0/pdf/multilang.go:135.72,139.25 3 1
github.com/Geek0x0/pdf/multilang.go:139.25,140.15 1 1
github.com/Geek0x0/pdf/multilang.go:140.15,143.4 2 1
github.com/Geek0x0/pdf/multilang.go:146.2,146.20 1 1
github.com/Geek0x0/pdf/multilang.go:150.60,153.29 3 1
github.com/Geek0x0/pdf/multilang.go:153.29,155.26 1 1
github.com/Geek0x0/pdf/multilang.go:155.26,156.49 1 1
github.com/Geek0x0/pdf/multilang.go:156.49,158.10 2 1
github.com/Geek0x0/pdf/multilang.go:162.2,162.14 1 1
github.com/Geek0x0/pdf/multilang.go:166.64,170.25 3 1
github.com/Geek0x0/pdf/multilang.go:170.25,171.49 1 1
github.com/Geek0x0/pdf/multilang.go:171.49,173.4 1 1
github.com/Geek0x0/pdf/multilang.go:173.9,173.46 1 1
github.com/Geek0x0/pdf/multilang.go:173.46,174.18 1 1
github.com/Geek0x0/pdf/multilang.go:174.18,177.5 2 1
github.com/Geek0x0/pdf/multilang.go:178.9,178.32 1 1
github.com/Geek0x0/pdf/multilang.go:178.32,180.46 1 1
github.com/Geek0x0/pdf/multilang.go:180.46,182.5 1 0
github.com/Geek0x0/pdf/multilang.go:187.2,187.16 1 1
github.com/Geek0x0/pdf/multilang.go:187.16,189.3 1 1
github.com/Geek0x0/pdf/multilang.go:191.2,191.14 1 1
github.com/Geek0x0/pdf/multilang.go:195.98,198.29 2 1
github.com/Geek0x0/pdf/multilang.go:198.29,205.3 2 1
github.com/Geek0x0/pdf/multilang.go:207.2,207.15 1 1
github.com/Geek0x0/pdf/multilang.go:223.56,227.2 1 1
github.com/Geek0x0/pdf/multilang.go:230.102,234.53 3 0
github.com/Geek0x0/pdf/multilang.go:234.53,239.37 3 0
github.com/Geek0x0/pdf/multilang.go:239.37,242.4 2 0
github.com/Geek0x0/pdf/multilang.go:245.2,245.20 1 0
github.com/Geek0x0/pdf/multilang.go:249.96,252.29 2 1
github.com/Geek0x0/pdf/multilang.go:252.29,254.67 2 1
github.com/Geek0x0/pdf/multilang.go:254.67,256.4 1 1
github.com/Geek0x0/pdf/multilang.go:259.2,259.17 1 1
github.com/Geek0x0/pdf/multilang.go:263.83,266.29 2 1
github.com/Geek0x0/pdf/multilang.go:266.29,268.32 2 1
github.com/Geek0x0/pdf/multilang.go:268.32,270.4 1 1
github.com/Geek0x0/pdf/multilang.go:273.2,273.14 1 1
github.com/Geek0x0/pdf/multilang.go:283.111,291.2 2 1
github.com/Geek0x0/pdf/multilang.go:294.101,298.39 3 1
github.com/Geek0x0/pdf/multilang.go:298.39,306.3 2 1
github.com/Geek0x0/pdf/multilang.go:308.2,308.15 1 1
github.com/Geek0x0/pdf/multilang.go:318.91,322.53 3 1
github.com/Geek0x0/pdf/multilang.go:322.53,325.17 3 0
github.com/Geek0x0/pdf/multilang.go:325.17,327.4 1 0
github.com/Geek0x0/pdf/multilang.go:330.3,331.32 2 0
github.com/Geek0x0/pdf/multilang.go:331.32,334.4 2 0
github.com/Geek0x0/pdf/multilang.go:337.2,337.20 1 1
github.com/Geek0x0/pdf/multilang.go:341.60,344.2 2 1
github.com/Geek0x0/pdf/multilang.go:347.59,350.2 2 1
github.com/Geek0x0/pdf/multilang.go:353.59,356.2 2 1
github.com/Geek0x0/pdf/multilang.go:359.60,362.2 2 1
github.com/Geek0x0/pdf/multilang.go:365.67,367.2 1 1
github.com/Geek0x0/pdf/multilang.go:370.70,371.14 1 1
github.com/Geek0x0/pdf/multilang.go:372.15,373.19 1 1
github.com/Geek0x0/pdf/multilang.go:374.14,375.18 1 1
github.com/Geek0x0/pdf/multilang.go:376.14,377.18 1 1
github.com/Geek0x0/pdf/multilang.go:378.15,379.19 1 1
github.com/Geek0x0/pdf/multilang.go:380.10,381.19 1 1
github.com/Geek0x0/pdf/multilang.go:386.73,388.2 1 1
github.com/Geek0x0/pdf/optimization_examples.go:26.78,31.2 1 1
github.com/Geek0x0/pdf/optimization_examples.go:34.62,38.27 3 1
github.com/Geek0x0/pdf/optimization_examples.go:38.27,41.3 1 1
github.com/Geek0x0/pdf/optimization_examples.go:44.2,48.29 5 1
github.com/Geek0x0/pdf/optimization_examples.go:48.29,50.3 1 0
github.com/Geek0x0/pdf/optimization_examples.go:52.2,54.22 2 1
github.com/Geek0x0/pdf/optimization_examples.go:54.22,56.3 1 0
github.com/Geek0x0/pdf/optimization_examples.go:57.2,57.18 1 1
github.com/Geek0x0/pdf/optimization_examples.go:61.58,66.39 4 1
github.com/Geek0x0/pdf/optimization_examples.go:66.39,69.3 1 1
github.com/Geek0x0/pdf/optimization_examples.go:85.62,88.26 2 1
github.com/Geek0x0/pdf/optimization_examples.go:88.26,90.3 1 1
github.com/Geek0x0/pdf/optimization_examples.go:93.2,97.3 2 1
github.com/Geek0x0/pdf/optimization_examples.go:101.65,102.23 1 1
github.com/Geek0x0/pdf/optimization_examples.go:102.23,105.23 2 1
github.com/Geek0x0/pdf/optimization_examples.go:105.23,108.4 1 1
github.com/Geek0x0/pdf/optimization_examples.go:112.2,112.63 1 1
github.com/Geek0x0/pdf/optimization_examples.go:116.48,118.2 1 1
github.com/Geek0x0/pdf/optimization_examples.go:121.40,123.2 1 1
github.com/Geek0x0/pdf/optimization_examples.go:144.47,145.22 1 1
github.com/Geek0x0/pdf/optimization_examples.go:145.22,147.3 1 0
github.com/Geek0x0/pdf/optimization_examples.go:150.2,151.31 2 1
github.com/Geek0x0/pdf/optimization_examples.go:151.31,157.3 2 1
github.com/Geek0x0/pdf/optimization_examples.go:159.2,161.13 3 1
github.com/Geek0x0/pdf/optimization_examples.go:169.64,170.22 1 1
github.com/Geek0x0/pdf/optimization_examples.go:170.22,172.3 1 1
github.com/Geek0x0/pdf/optimization_examples.go:174.2,177.41 2 1
github.com/Geek0x0/pdf/optimization_examples.go:177.41,179.3 1 1
github.com/Geek0x0/pdf/optimization_examples.go:182.2,190.3 2 1
github.com/Geek0x0/pdf/optimization_examples.go:194.80,195.22 1 1
github.com/Geek0x0/pdf/optimization_examples.go:195.22,197.3 1 0
github.com/Geek0x0/pdf/optimization_examples.go:199.2,201.15 3 1
github.com/Geek0x0/pdf/optimization_examples.go:204.112,205.17 1 1
github.com/Geek0x0/pdf/optimization_examples.go:205.17,207.3 1 1
github.com/Geek0x0/pdf/optimization_examples.go:210.2,211.20 2 1
github.com/Geek0x0/pdf/optimization_examples.go:211.20,213.3 1 1
github.com/Geek0x0/pdf/optimization_examples.go:216.2,220.19 3 1
github.com/Geek0x0/pdf/optimization_examples.go:220.19,223.3 2 1
github.com/Geek0x0/pdf/optimization_examples.go:223.8,226.3 2 1
github.com/Geek0x0/pdf/optimization_examples.go:229.2,232.42 2 1
github.com/Geek0x0/pdf/optimization_examples.go:232.42,234.3 1 1
github.com/Geek0x0/pdf/optimization_examples.go:237.50,241.2 3 1
github.com/Geek0x0/pdf/optimization_examples.go:244.60,245.21 1 1
github.com/Geek0x0/pdf/optimization_examples.go:245.21,247.3 1 0
github.com/Geek0x0/pdf/optimization_examples.go:250.2,251.26 2 1
github.com/Geek0x0/pdf/optimization_examples.go:251.26,253.3 1 1
github.com/Geek0x0/pdf/optimization_examples.go:254.2,259.26 4 1
github.com/Geek0x0/pdf/optimization_examples.go:259.26,268.3 1 1
github.com/Geek0x0/pdf/optimization_examples.go:271.2,275.24 3 1
github.com/Geek0x0/pdf/optimization_examples.go:275.24,277.3 1 1
github.com/Geek0x0/pdf/optimization_examples.go:279.2,280.25 2 1
github.com/Geek0x0/pdf/optimization_examples.go:280.25,281.21 1 1
github.com/Geek0x0/pdf/optimization_examples.go:281.21,283.4 1 1
github.com/Geek0x0/pdf/optimization_examples.go:284.3,284.19 1 1
github.com/Geek0x0/pdf/optimization_examples.go:287.2,287.26 1 1
github.com/Geek0x0/pdf/optimization_examples.go:287.26,289.15 2 1
github.com/Geek0x0/pdf/optimization_examples.go:289.15,291.4 1 1
github.com/Geek0x0/pdf/optimization_examples.go:295.2,295.31 1 1
github.com/Geek0x0/pdf/optimization_examples.go:295.31,299.38 3 1
github.com/Geek0x0/pdf/optimization_examples.go:299.38,301.29 1 1
github.com/Geek0x0/pdf/optimization_examples.go:301.29,302.32 1 1
github.com/Geek0x0/pdf/optimization_examples.go:302.32,303.61 1 1
github.com/Geek0x0/pdf/optimization_examples.go:303.61,305.7 1 1
github.com/Geek0x0/pdf/optimization_examples.go:312.2,313.31 2 1
github.com/Geek0x0/pdf/optimization_examples.go:313.31,316.3 2 1
github.com/Geek0x0/pdf/optimization_examples.go:319.2,320.37 2 1
github.com/Geek0x0/pdf/optimization_examples.go:320.37,323.3 2 1
github.com/Geek0x0/pdf/optimization_examples.go:325.2,325.15 1 1
github.com/Geek0x0/pdf/optimization_examples.go:328.54,329.22 1 1
github.com/Geek0x0/pdf/optimization_examples.go:329.22,331.3 1 0
github.com/Geek0x0/pdf/optimization_examples.go:332.2,332.22 1 1
github.com/Geek0x0/pdf/optimization_examples.go:332.22,334.3 1 0
github.com/Geek0x0/pdf/optimization_examples.go:336.2,348.31 4 1
github.com/Geek0x0/pdf/optimization_examples.go:348.31,350.31 2 1
github.com/Geek0x0/pdf/optimization_examples.go:350.31,352.4 1 0
github.com/Geek0x0/pdf/optimization_examples.go:353.3,353.31 1 1
github.com/Geek0x0/pdf/optimization_examples.go:353.31,355.4 1 1
github.com/Geek0x0/pdf/optimization_examples.go:356.3,356.31 1 1
github.com/Geek0x0/pdf/optimization_examples.go:356.31,358.4 1 0
github.com/Geek0x0/pdf/optimization_examples.go:359.3,359.31 1 1
github.com/Geek0x0/pdf/optimization_examples.go:359.31,361.4 1 0
github.com/Geek0x0/pdf/optimization_examples.go:362.3,363.33 2 1
github.com/Geek0x0/pdf/optimization_examples.go:366.2,366.20 1 1
github.com/Geek0x0/pdf/optimization_examples.go:366.20,368.3 1 1
github.com/Geek0x0/pdf/optimization_examples.go:370.2,370.15 1 1
github.com/Geek0x0/pdf/optimization_examples.go:399.70,400.21 1 1
github.com/Geek0x0/pdf/optimization_examples.go:400.21,402.3 1 0
github.com/Geek0x0/pdf/optimization_examples.go:404.2,412.34 2 1
github.com/Geek0x0/pdf/optimization_examples.go:412.34,418.3 1 1
github.com/Geek0x0/pdf/optimization_examples.go:420.2,420.18 1 1
github.com/Geek0x0/pdf/optimization_examples.go:424.43,425.37 1 1
github.com/Geek0x0/pdf/optimization_examples.go:425.37,428.3 2 1
github.com/Geek0x0/pdf/optimization_examples.go:432.53,434.9 1 1
github.com/Geek0x0/pdf/optimization_examples.go:435.31,435.31 0 1
github.com/Geek0x0/pdf/optimization_examples.go:436.10,438.17 1 1
github.com/Geek0x0/pdf/optimization_examples.go:443.42,446.2 2 1
github.com/Geek0x0/pdf/optimization_examples.go:449.42,451.6 1 1
github.com/Geek0x0/pdf/optimization_examples.go:451.6,453.31 2 1
github.com/Geek0x0/pdf/optimization_examples.go:453.31,455.4 1 1
github.com/Geek0x0/pdf/optimization_examples.go:456.3,456.38 1 1
github.com/Geek0x0/pdf/optimization_examples.go:456.38,457.34 1 1
github.com/Geek0x0/pdf/optimization_examples.go:457.34,459.10 2 0
github.com/Geek0x0/pdf/optimization_examples.go:462.3,462.15 1 1
github.com/Geek0x0/pdf/optimization_examples.go:462.15,463.9 1 1
github.com/Geek0x0/pdf/optimization_examples.go:465.3,465.36 1 1
github.com/Geek0x0/pdf/optimization_examples.go:469.24,472.6 2 1
github.com/Geek0x0/pdf/optimization_examples.go:472.6,473.10 1 1
github.com/Geek0x0/pdf/optimization_examples.go:474.27,475.10 1 1
github.com/Geek0x0/pdf/optimization_examples.go:477.31,479.18 1 0
github.com/Geek0x0/pdf/optimization_examples.go:481.42,483.18 1 1
github.com/Geek0x0/pdf/optimization_examples.go:485.11,487.38 1 1
github.com/Geek0x0/pdf/optimization_examples.go:487.38,489.5 1 0
github.com/Geek0x0/pdf/optimization_examples.go:489.10,492.5 1 1
github.com/Geek0x0/pdf/optimization_examples.go:497.31,498.23 1 1
github.com/Geek0x0/pdf/optimization_examples.go:498.23,500.3 1 0
github.com/Geek0x0/pdf/optimization_examples.go:501.2,505.46 3 1
github.com/Geek0x0/pdf/optimization_examples.go:505.46,506.16 1 1
github.com/Geek0x0/pdf/optimization_examples.go:506.16,507.12 1 1
github.com/Geek0x0/pdf/optimization_examples.go:510.3,511.10 2 1
github.com/Geek0x0/pdf/optimization_examples.go:512.36,513.15 1 0
github.com/Geek0x0/pdf/optimization_examples.go:514.11,514.11 0 1
github.com/Geek0x0/pdf/optimization_examples.go:518.2,518.12 1 1
github.com/Geek0x0/pdf/optimization_examples.go:538.44,543.2 1 1
github.com/Geek0x0/pdf/optimization_examples.go:546.65,548.37 1 1
github.com/Geek0x0/pdf/optimization_examples.go:548.37,551.3 2 1
github.com/Geek0x0/pdf/optimization_examples.go:554.2,554.36 1 1
github.com/Geek0x0/pdf/optimization_examples.go:554.36,559.3 3 0
github.com/Geek0x0/pdf/optimization_examples.go:562.2,562.36 1 1
github.com/Geek0x0/pdf/optimization_examples.go:562.36,567.3 3 0
github.com/Geek0x0/pdf/optimization_examples.go:569.2,570.19 2 1
github.com/Geek0x0/pdf/optimization_examples.go:574.64,579.2 2 1
github.com/Geek0x0/pdf/optimization_examples.go:582.53,585.12 2 1
github.com/Geek0x0/pdf/optimization_examples.go:585.12,586.28 1 1
github.com/Geek0x0/pdf/optimization_examples.go:586.28,589.4 1 1
github.com/Geek0x0/pdf/optimization_examples.go:594.55,599.15 3 1
github.com/Geek0x0/pdf/optimization_examples.go:599.15,602.3 2 1
github.com/Geek0x0/pdf/optimization_examples.go:604.2,611.3 1 1
github.com/Geek0x0/pdf/optimization_examples.go:628.70,630.2 1 1
github.com/Geek0x0/pdf/optimization_examples.go:633.62,636.2 2 1
github.com/Geek0x0/pdf/optimization_examples.go:639.67,649.2 1 1
github.com/Geek0x0/pdf/optimizations_advanced.go:24.32,29.26 2 1
github.com/Geek0x0/pdf/optimizations_advanced.go:29.26,32.28 2 1
github.com/Geek0x0/pdf/optimizations_advanced.go:32.28,34.5 1 1
github.com/Geek0x0/pdf/optimizations_advanced.go:37.2,37.11 1 1
github.com/Geek0x0/pdf/optimizations_advanced.go:40.43,43.13 2 1
github.com/Geek0x0/pdf/optimizations_advanced.go:43.13,45.3 1 0
github.com/Geek0x0/pdf/optimizations_advanced.go:45.8,45.33 1 1
github.com/Geek0x0/pdf/optimizations_advanced.go:45.33,47.3 1 0
github.com/Geek0x0/pdf/optimizations_advanced.go:49.2,50.16 2 1
github.com/Geek0x0/pdf/optimizations_advanced.go:53.42,56.13 3 1
github.com/Geek0x0/pdf/optimizations_advanced.go:56.13,58.3 1 0
github.com/Geek0x0/pdf/optimizations_advanced.go:58.8,58.33 1 1
github.com/Geek0x0/pdf/optimizations_advanced.go:58.33,60.3 1 0
github.com/Geek0x0/pdf/optimizations_advanced.go:63.2,64.27 2 1
github.com/Geek0x0/pdf/optimizations_advanced.go:72.51,76.2 1 1
github.com/Geek0x0/pdf/optimizations_advanced.go:78.49,80.2 1 1
github.com/Geek0x0/pdf/optimizations_advanced.go:82.51,85.2 2 1
github.com/Geek0x0/pdf/optimizations_advanced.go:88.49,90.2 1 1
github.com/Geek0x0/pdf/optimizations_advanced.go:92.35,94.2 1 1
github.com/Geek0x0/pdf/optimizations_advanced.go:105.58,113.2 2 1
[...]
github.com/Geek0x0/pdf/text_ordering.go:262.2,264.47 3 1
github.com/Geek0x0/pdf/text_ordering.go:264.47,266.3 1 1
github.com/Geek0x0/pdf/text_ordering.go:268.2,269.28 2 1
github.com/Geek0x0/pdf/text_ordering.go:269.28,271.3 1 0
github.com/Geek0x0/pdf/text_ordering.go:274.2,282.41 3 1
github.com/Geek0x0/pdf/text_ordering.go:282.41,286.29 2 1
github.com/Geek0x0/pdf/text_ordering.go:286.29,291.4 3 1
github.com/Geek0x0/pdf/text_ordering.go:291.9,299.4 2 1
github.com/Geek0x0/pdf/text_ordering.go:303.2,303.33 1 1
github.com/Geek0x0/pdf/text_ordering.go:303.33,305.3 1 1
github.com/Geek0x0/pdf/text_ordering.go:307.2,307.14 1 1
github.com/Geek0x0/pdf/text_ordering.go:311.52,312.22 1 1
github.com/Geek0x0/pdf/text_ordering.go:312.22,314.3 1 0
github.com/Geek0x0/pdf/text_ordering.go:316.2,319.35 3 1
github.com/Geek0x0/pdf/text_ordering.go:319.35,324.3 4 1
github.com/Geek0x0/pdf/text_ordering.go:326.2,329.3 1 1
github.com/Geek0x0/pdf/text_ordering.go:333.79,334.22 1 1
github.com/Geek0x0/pdf/text_ordering.go:334.22,336.3 1 0
github.com/Geek0x0/pdf/text_ordering.go:340.2,342.41 3 1
github.com/Geek0x0/pdf/text_ordering.go:342.41,344.3 1 1
github.com/Geek0x0/pdf/text_ordering.go:346.2,360.35 5 1
github.com/Geek0x0/pdf/text_ordering.go:360.35,366.25 3 1
github.com/Geek0x0/pdf/text_ordering.go:366.25,370.4 2 1
github.com/Geek0x0/pdf/text_ordering.go:370.9,370.61 1 1
github.com/Geek0x0/pdf/text_ordering.go:370.61,373.4 1 1
github.com/Geek0x0/pdf/text_ordering.go:373.9,376.32 2 0
github.com/Geek0x0/pdf/text_ordering.go:376.32,377.49 1 0
github.com/Geek0x0/pdf/text_ordering.go:377.49,380.11 3 0
github.com/Geek0x0/pdf/text_ordering.go:384.4,384.15 1 0
github.com/Geek0x0/pdf/text_ordering.go:384.15,387.5 1 0
github.com/Geek0x0/pdf/text_ordering.go:392.2,392.28 1 1
github.com/Geek0x0/pdf/text_ordering.go:392.28,394.3 1 1
github.com/Geek0x0/pdf/text_ordering.go:396.2,396.16 1 1
github.com/Geek0x0/pdf/text_ordering.go:400.60,402.26 2 1
github.com/Geek0x0/pdf/text_ordering.go:402.26,404.3 1 1
github.com/Geek0x0/pdf/text_ordering.go:407.2,410.20 4 1
github.com/Geek0x0/pdf/text_ordering.go:410.20,412.3 1 0
github.com/Geek0x0/pdf/text_ordering.go:414.2,414.41 1 1
github.com/Geek0x0/pdf/text_ordering.go:418.90,419.22 1 1
github.com/Geek0x0/pdf/text_ordering.go:419.22,421.3 1 0
github.com/Geek0x0/pdf/text_ordering.go:424.2,426.31 3 1
github.com/Geek0x0/pdf/text_ordering.go:426.31,429.3 2 1
github.com/Geek0x0/pdf/text_ordering.go:430.2,437.60 5 1
github.com/Geek0x0/pdf/text_ordering.go:441.78,442.22 1 1
github.com/Geek0x0/pdf/text_ordering.go:442.22,444.3 1 0
github.com/Geek0x0/pdf/text_ordering.go:447.2,453.40 3 1
github.com/Geek0x0/pdf/text_ordering.go:453.40,455.3 1 1
github.com/Geek0x0/pdf/text_ordering.go:457.2,457.29 1 1
github.com/Geek0x0/pdf/text_ordering.go:457.29,461.3 2 1
github.com/Geek0x0/pdf/text_ordering.go:463.2,463.15 1 1
github.com/Geek0x0/pdf/text_ordering.go:467.57,468.22 1 1
github.com/Geek0x0/pdf/text_ordering.go:468.22,470.3 1 1
github.com/Geek0x0/pdf/text_ordering.go:479.2,481.41 3 1
github.com/Geek0x0/pdf/text_ordering.go:481.41,483.3 1 1
github.com/Geek0x0/pdf/text_ordering.go:485.2,485.15 1 1
github.com/Geek0x0/pdf/text_ordering.go:489.43,490.21 1 1
github.com/Geek0x0/pdf/text_ordering.go:490.21,492.3 1 0
github.com/Geek0x0/pdf/text_ordering.go:495.2,507.41 6 1
github.com/Geek0x0/pdf/text_ordering.go:507.41,508.56 1 0
github.com/Geek0x0/pdf/text_ordering.go:508.56,510.4 1 0
github.com/Geek0x0/pdf/text_ordering.go:511.3,511.35 1 0
github.com/Geek0x0/pdf/text_ordering.go:515.2,515.27 1 1
github.com/Geek0x0/pdf/text_ordering.go:515.27,517.24 2 1
github.com/Geek0x0/pdf/text_ordering.go:517.24,518.49 1 0
github.com/Geek0x0/pdf/text_ordering.go:518.49,521.10 3 0
github.com/Geek0x0/pdf/text_ordering.go:524.3,524.14 1 1
github.com/Geek0x0/pdf/text_ordering.go:524.14,526.4 1 1
github.com/Geek0x0/pdf/text_ordering.go:530.2,531.26 2 1
github.com/Geek0x0/pdf/text_ordering.go:531.26,532.43 1 1
github.com/Geek0x0/pdf/text_ordering.go:532.43,534.4 1 0
github.com/Geek0x0/pdf/text_ordering.go:535.3,535.38 1 1
github.com/Geek0x0/pdf/text_ordering.go:538.2,538.15 1 1
github.com/Geek0x0/pdf/text_ordering.go:542.48,543.21 1 1
github.com/Geek0x0/pdf/text_ordering.go:543.21,545.3 1 0
github.com/Geek0x0/pdf/text_ordering.go:548.2,556.28 6 1
github.com/Geek0x0/pdf/text_ordering.go:556.28,557.13 1 1
github.com/Geek0x0/pdf/text_ordering.go:557.13,560.12 3 1
github.com/Geek0x0/pdf/text_ordering.go:563.3,563.46 1 1
github.com/Geek0x0/pdf/text_ordering.go:563.46,565.4 1 1
github.com/Geek0x0/pdf/text_ordering.go:565.9,566.28 1 0
github.com/Geek0x0/pdf/text_ordering.go:566.28,568.5 1 0
github.com/Geek0x0/pdf/text_ordering.go:569.4,570.18 2 0
github.com/Geek0x0/pdf/text_ordering.go:573.2,573.26 1 1
github.com/Geek0x0/pdf/text_ordering.go:573.26,575.3 1 1
github.com/Geek0x0/pdf/text_ordering.go:578.2,579.29 2 1
github.com/Geek0x0/pdf/text_ordering.go:579.29,581.23 2 1
github.com/Geek0x0/pdf/text_ordering.go:581.23,583.4 1 0
github.com/Geek0x0/pdf/text_ordering.go:586.2,586.50 1 1
github.com/Geek0x0/pdf/text_ordering.go:590.49,597.45 3 1
github.com/Geek0x0/pdf/text_ordering.go:597.45,599.3 1 1
github.com/Geek0x0/pdf/text_ordering.go:601.2,601.14 1 1
github.com/Geek0x0/pdf/text_ordering.go:605.45,612.42 4 1
github.com/Geek0x0/pdf/text_ordering.go:612.42,614.3 1 1
github.com/Geek0x0/pdf/text_ordering.go:616.2,616.14 1 1
github.com/Geek0x0/pdf/text_ordering.go:620.76,623.31 2 1
github.com/Geek0x0/pdf/text_ordering.go:623.31,625.66 1 1
github.com/Geek0x0/pdf/text_ordering.go:625.66,627.4 1 1
github.com/Geek0x0/pdf/text_ordering.go:630.2,630.18 1 1
github.com/Geek0x0/pdf/zero_copy_strings.go:16.37,17.17 1 1
github.com/Geek0x0/pdf/zero_copy_strings.go:17.17,19.3 1 1
github.com/Geek0x0/pdf/zero_copy_strings.go:20.2,20.39 1 1
github.com/Geek0x0/pdf/zero_copy_strings.go:25.37,26.13 1 1
github.com/Geek0x0/pdf/zero_copy_strings.go:26.13,28.3 1 0
github.com/Geek0x0/pdf/zero_copy_strings.go:31.2,31.51 1 1
github.com/Geek0x0/pdf/zero_copy_strings.go:36.57,37.46 1 1
github.com/Geek0x0/pdf/zero_copy_strings.go:37.46,39.3 1 0
github.com/Geek0x0/pdf/zero_copy_strings.go:40.2,40.21 1 1
github.com/Geek0x0/pdf/zero_copy_strings.go:49.50,53.2 1 1
github.com/Geek0x0/pdf/zero_copy_strings.go:56.47,58.2 1 1
github.com/Geek0x0/pdf/zero_copy_strings.go:61.49,64.2 2 1
github.com/Geek0x0/pdf/zero_copy_strings.go:67.46,69.2 1 1
github.com/Geek0x0/pdf/zero_copy_strings.go:73.41,75.2 1 1
github.com/Geek0x0/pdf/zero_copy_strings.go:78.45,80.2 1 1
github.com/Geek0x0/pdf/zero_copy_strings.go:83.35,85.2 1 1
github.com/Geek0x0/pdf/zero_copy_strings.go:88.35,90.2 1 1
github.com/Geek0x0/pdf/zero_copy_strings.go:93.33,95.2 1 1
github.com/Geek0x0/pdf/zero_copy_strings.go:98.40,100.2 1 1
github.com/Geek0x0/pdf/zero_copy_strings.go:108.34,112.2 1 1
github.com/Geek0x0/pdf/zero_copy_strings.go:116.47,117.34 1 1
github.com/Geek0x0/pdf/zero_copy_strings.go:117.34,119.3 1 1
github.com/Geek0x0/pdf/zero_copy_strings.go:121.2,122.10 2 1
github.com/Geek0x0/pdf/zero_copy_strings.go:126.31,128.2 1 1
github.com/Geek0x0/pdf/zero_copy_strings.go:131.34,133.2 1 1
github.com/Geek0x0/pdf/zero_copy_strings.go:143.66,147.2 1 1
github.com/Geek0x0/pdf/zero_copy_strings.go:150.51,153.2 2 1
github.com/Geek0x0/pdf/zero_copy_strings.go:156.49,157.25 1 1
github.com/Geek0x0/pdf/zero_copy_strings.go:157.25,159.3 1 0
github.com/Geek0x0/pdf/zero_copy_strings.go:160.2,160.25 1 1
github.com/Geek0x0/pdf/zero_copy_strings.go:160.25,162.3 1 0
github.com/Geek0x0/pdf/zero_copy_strings.go:165.2,166.33 2 1
github.com/Geek0x0/pdf/zero_copy_strings.go:166.33,168.3 1 1
github.com/Geek0x0/pdf/zero_copy_strings.go:169.2,169.27 1 1
github.com/Geek0x0/pdf/zero_copy_strings.go:173.42,176.2 2 1
github.com/Geek0x0/pdf/zero_copy_strings.go:179.44,181.2 1 1
github.com/Geek0x0/pdf/zero_copy_strings.go:187.36,189.2 1 1
github.com/Geek0x0/pdf/zero_copy_strings.go:192.30,194.2 1 1
github.com/Geek0x0/pdf/zero_copy_strings.go:197.49,198.21 1 1
github.com/Geek0x0/pdf/zero_copy_strings.go:198.21,200.3 1 1
github.com/Geek0x0/pdf/zero_copy_strings.go:201.2,201.21 1 1
github.com/Geek0x0/pdf/zero_copy_strings.go:201.21,203.3 1 1
github.com/Geek0x0/pdf/zero_copy_strings.go:206.2,207.29 2 1
github.com/Geek0x0/pdf/zero_copy_strings.go:207.29,209.3 1 1
github.com/Geek0x0/pdf/zero_copy_strings.go:212.2,213.29 2 1
github.com/Geek0x0/pdf/zero_copy_strings.go:213.29,215.3 1 1
github.com/Geek0x0/pdf/zero_copy_strings.go:217.2,217.27 1 1
github.com/Geek0x0/pdf/zero_copy_strings.go:222.56,224.28 2 1
github.com/Geek0x0/pdf/zero_copy_strings.go:224.28,226.3 1 1
github.com/Geek0x0/pdf/zero_copy_strings.go:227.2,227.15 1 1
github.com/Geek0x0/pdf/zero_copy_strings.go:232.48,234.13 1 1
github.com/Geek0x0/pdf/zero_copy_strings.go:234.13,236.3 1 1
github.com/Geek0x0/pdf/zero_copy_strings.go:237.2,237.13 1 0
github.com/Geek0x0/pdf/zero_copy_strings.go:237.13,239.3 1 0
github.com/Geek0x0/pdf/zero_copy_strings.go:240.2,240.10 1 0
github.com/Geek0x0/pdf/zero_copy_strings.go:244.47,245.26 1 1
github.com/Geek0x0/pdf/zero_copy_strings.go:245.26,247.3 1 0
github.com/Geek0x0/pdf/zero_copy_strings.go:249.2,249.34 1 1
github.com/Geek0x0/pdf/zero_copy_strings.go:253.47,254.26 1 1
github.com/Geek0x0/pdf/zero_copy_strings.go:254.26,256.3 1 0
github.com/Geek0x0/pdf/zero_copy_strings.go:257.2,257.41 1 1
github.com/Geek0x0/pdf/zero_copy_strings.go:261.41,266.18 3 1
github.com/Geek0x0/pdf/zero_copy_strings.go:266.18,268.54 2 1
github.com/Geek0x0/pdf/zero_copy_strings.go:268.54,269.9 1 1
github.com/Geek0x0/pdf/zero_copy_strings.go:271.3,271.10 1 1
github.com/Geek0x0/pdf/zero_copy_strings.go:275.2,275.18 1 1
github.com/Geek0x0/pdf/zero_copy_strings.go:275.18,277.54 2 1
github.com/Geek0x0/pdf/zero_copy_strings.go:277.54,278.9 1 1
github.com/Geek0x0/pdf/zero_copy_strings.go:280.3,280.8 1 1
github.com/Geek0x0/pdf/zero_copy_strings.go:283.2,283.21 1 1
github.com/Geek0x0/pdf/zero_copy_strings.go:288.49,290.30 2 1
github.com/Geek0x0/pdf/zero_copy_strings.go:290.30,291.18 1 1
github.com/Geek0x0/pdf/zero_copy_strings.go:291.18,293.4 1 1
github.com/Geek0x0/pdf/zero_copy_strings.go:296.2,298.30 3 1
github.com/Geek0x0/pdf/zero_copy_strings.go:298.30,299.18 1 1
github.com/Geek0x0/pdf/zero_copy_strings.go:299.18,302.4 2 1
github.com/Geek0x0/pdf/zero_copy_strings.go:304.2,306.15 2 1
github.com/Geek0x0/pdf/zero_copy_strings.go:310.54,311.21 1 1
github.com/Geek0x0/pdf/zero_copy_strings.go:311.21,313.3 1 1
github.com/Geek0x0/pdf/zero_copy_strings.go:314.2,314.21 1 1
github.com/Geek0x0/pdf/zero_copy_strings.go:314.21,316.3 1 1
github.com/Geek0x0/pdf/zero_copy_strings.go:319.2,320.29 2 1
github.com/Geek0x0/pdf/zero_copy_strings.go:320.29,322.3 1 1
github.com/Geek0x0/pdf/zero_copy_strings.go:323.2,328.34 4 1
github.com/Geek0x0/pdf/zero_copy_strings.go:328.34,331.3 2 1
github.com/Geek0x0/pdf/zero_copy_strings.go:333.2,333.27 1 1
github.com/Geek0x0/pdf/examples/extract/main.go:15.13,16.22 1 0
github.com/Geek0x0/pdf/examples/extract/main.go:16.22,19.3 2 0
github.com/Geek0x0/pdf/examples/extract/main.go:21.2,37.25 9 0
github.com/Geek0x0/pdf/examples/extract/main.go:40.39,42.16 2 0
github.com/Geek0x0/pdf/examples/extract/main.go:42.16,45.3 2 0
github.com/Geek0x0/pdf/examples/extract/main.go:46.2,52.16 4 0
github.com/Geek0x0/pdf/examples/extract/main.go:52.16,55.3 2 0
github.com/Geek0x0/pdf/examples/extract/main.go:57.2,61.21 3 0
github.com/Geek0x0/pdf/examples/extract/main.go:61.21,63.3 1 0
github.com/Geek0x0/pdf/examples/extract/main.go:63.8,65.3 1 0
github.com/Geek0x0/pdf/examples/extract/main.go:68.42,70.16 2 0
github.com/Geek0x0/pdf/examples/extract/main.go:70.16,73.3 2 0
github.com/Geek0x0/pdf/examples/extract/main.go:74.2,87.16 7 0
github.com/Geek0x0/pdf/examples/extract/main.go:87.16,90.3 2 0
github.com/Geek0x0/pdf/examples/extract/main.go:92.2,95.78 3 0
github.com/Geek0x0/pdf/examples/extract/main.go:98.40,100.16 2 0
github.com/Geek0x0/pdf/examples/extract/main.go:100.16,103.3 2 0
github.com/Geek0x0/pdf/examples/extract/main.go:104.2,107.16 3 0
github.com/Geek0x0/pdf/examples/extract/main.go:107.16,110.3 2 0
github.com/Geek0x0/pdf/examples/extract/main.go:112.2,116.24 3 0
github.com/Geek0x0/pdf/examples/extract/main.go:116.24,118.3 1 0
github.com/Geek0x0/pdf/examples/extract/main.go:120.2,120.29 1 0
github.com/Geek0x0/pdf/examples/extract/main.go:120.29,123.3 2 0
github.com/Geek0x0/pdf/examples/extract/main.go:126.37,128.16 2 0
github.com/Geek0x0/pdf/examples/extract/main.go:128.16,131.3 2 0
github.com/Geek0x0/pdf/examples/extract/main.go:132.2,134.21 2 0
github.com/Geek0x0/pdf/examples/extract/main.go:134.21,137.3 2 0
github.com/Geek0x0/pdf/examples/extract/main.go:139.2,141.16 3 0
github.com/Geek0x0/pdf/examples/extract/main.go:141.16,144.3 2 0
github.com/Geek0x0/pdf/examples/extract/main.go:146.2,150.23 3 0
github.com/Geek0x0/pdf/examples/extract/main.go:150.23,152.3 1 0
github.com/Geek0x0/pdf/examples/extract/main.go:154.2,154.29 1 0
github.com/Geek0x0/pdf/examples/extract/main.go:154.29,157.33 3 0
github.com/Geek0x0/pdf/examples/extract/main.go:157.33,159.4 1 0
github.com/Geek0x0/pdf/examples/extract/main.go:160.3,160.69 1 0
github.com/Geek0x0/pdf/cmd/test_coords/main.go:10.13,12.16 2 0
github.com/Geek0x0/pdf/cmd/test_coords/main.go:12.16,14.3 1 0
github.com/Geek0x0/pdf/cmd/test_coords/main.go:15.2,17.27 2 0
github.com/Geek0x0/pdf/cmd/test_coords/main.go:17.27,19.3 1 0
github.com/Geek0x0/pdf/cmd/test_coords/main.go:21.2,25.33 4 0
github.com/Geek0x0/pdf/cmd/test_coords/main.go:25.33,26.14 1 0
github.com/Geek0x0/pdf/cmd/test_coords/main.go:26.14,27.9 1 0
github.com/Geek0x0/pdf/cmd/test_coords/main.go:29.3,29.85 1 0
github.com/Geek0x0/pdf/pdfpasswd/main.go:23.14,26.2 2 0
github.com/Geek0x0/pdf/pdfpasswd/main.go:28.13,34.22 5 0
github.com/Geek0x0/pdf/pdfpasswd/main.go:34.22,36.3 1 0
github.com/Geek0x0/pdf/pdfpasswd/main.go:38.2,39.16 2 0
github.com/Geek0x0/pdf/pdfpasswd/main.go:39.16,41.3 1 0
github.com/Geek0x0/pdf/pdfpasswd/main.go:43.2,46.22 4 0
github.com/Geek0x0/pdf/pdfpasswd/main.go:46.22,48.19 2 0
github.com/Geek0x0/pdf/pdfpasswd/main.go:48.19,50.4 1 0
github.com/Geek0x0/pdf/pdfpasswd/main.go:51.3,51.16 1 0
github.com/Geek0x0/pdf/pdfpasswd/main.go:51.16,53.4 1 0
github.com/Geek0x0/pdf/pdfpasswd/main.go:54.3,56.32 3 0
github.com/Geek0x0/pdf/pdfpasswd/main.go:56.32,57.19 1 0
github.com/Geek0x0/pdf/pdfpasswd/main.go:57.19,58.10 1 0
github.com/Geek0x0/pdf/pdfpasswd/main.go:60.4,60.28 1 0
github.com/Geek0x0/pdf/pdfpasswd/main.go:62.3,64.14 3 0
github.com/Geek0x0/pdf/pdfpasswd/main.go:66.2,67.16 2 0
github.com/Geek0x0/pdf/pdfpasswd/main.go:67.16,69.3 1 0
github.com/Geek0x0/pdf/pdfpasswd/main.go:70.2,71.16 2 0
github.com/Geek0x0/pdf/pdfpasswd/main.go:71.16,72.36 1 0
github.com/Geek0x0/pdf/pdfpasswd/main.go:72.36,74.4 1 0
github.com/Geek0x0/pdf/pdfpasswd/main.go:75.3,75.37 1 0
github.com/Geek0x0/pdf/pdfpasswd/main.go:77.2,77.36 1 0
github.com/Geek0x0/pdf/pdfpasswd/main.go:80.28,81.32 1 0
github.com/Geek0x0/pdf/pdfpasswd/main.go:81.32,83.17 2 0
github.com/Geek0x0/pdf/pdfpasswd/main.go:83.17,84.9 1 0
github.com/Geek0x0/pdf/pdfpasswd/main.go:86.3,86.13 1 0
github.com/Geek0x0/pdf/pdfpasswd/main.go:90.27,91.24 1 0
github.com/Geek0x0/pdf/pdfpasswd/main.go:91.24,92.13 1 0
github.com/Geek0x0/pdf/pdfpasswd/main.go:92.13,94.4 1 0
github.com/Geek0x0/pdf/pdfpasswd/main.go:96.2,96.13 1 0
github.com/Geek0x0/pdf/pdfpasswd/main.go:99.28,101.29 2 0
github.com/Geek0x0/pdf/pdfpasswd/main.go:101.29,103.3 1 0
github.com/Geek0x0/pdf/pdfpasswd/main.go:104.2,104.23 1 0
github.com/Geek0x0/pdf/pdfpasswd/main.go:104.23,105.18 1 0
github.com/Geek0x0/pdf/pdfpasswd/main.go:105.18,107.4 1 0
github.com/Geek0x0/pdf/pdfpasswd/main.go:109.2,109.13 1 0
github.com/Geek0x0/pdf/examples/smart_ordering/main.go:12.13,13.22 1 0
github.com/Geek0x0/pdf/examples/smart_ordering/main.go:13.22,18.3 4 0
github.com/Geek0x0/pdf/examples/smart_ordering/main.go:20.2,24.16 4 0
github.com/Geek0x0/pdf/examples/smart_ordering/main.go:24.16,26.3 1 0
github.com/Geek0x0/pdf/examples/smart_ordering/main.go:27.2,30.19 3 0
github.com/Geek0x0/pdf/examples/smart_ordering/main.go:30.19,33.3 2 0
github.com/Geek0x0/pdf/examples/smart_ordering/main.go:35.2,36.14 2 0
github.com/Geek0x0/pdf/examples/smart_ordering/main.go:36.14,38.3 1 0
github.com/Geek0x0/pdf/examples/smart_ordering/main.go:38.8,40.3 1 0
github.com/Geek0x0/pdf/examples/smart_ordering/main.go:41.2,43.33 2 0
github.com/Geek0x0/pdf/examples/smart_ordering/main.go:43.33,47.15 3 0
github.com/Geek0x0/pdf/examples/smart_ordering/main.go:47.15,49.4 1 0
github.com/Geek0x0/pdf/examples/smart_ordering/main.go:49.9,51.4 1 0
github.com/Geek0x0/pdf/examples/smart_ordering/main.go:53.3,53.17 1 0
github.com/Geek0x0/pdf/examples/smart_ordering/main.go:53.17,55.12 2 0
github.com/Geek0x0/pdf/examples/smart_ordering/main.go:58.3,58.17 1 0
github.com/Geek0x0/pdf/examples/smart_ordering/main.go:58.17,60.12 2 0
github.com/Geek0x0/pdf/examples/smart_ordering/main.go:63.3,64.20 2 0
github.com/Geek0x0/pdf/examples/performance/main.go:12.13,15.16 2 0
github.com/Geek0x0/pdf/examples/performance/main.go:15.16,17.3 1 0
github.com/Geek0x0/pdf/examples/performance/main.go:18.2,28.16 7 0
github.com/Geek0x0/pdf/examples/performance/main.go:28.16,30.3 1 0
github.com/Geek0x0/pdf/examples/performance/main.go:31.2,39.22 6 0
github.com/Geek0x0/pdf/examples/performance/main.go:39.22,41.3 1 0
github.com/Geek0x0/pdf/examples/performance/main.go:43.2,45.16 3 0
github.com/Geek0x0/pdf/examples/performance/main.go:45.16,47.3 1 0
github.com/Geek0x0/pdf/examples/performance/main.go:48.2,51.37 3 0
github.com/Geek0x0/pdf/examples/performance/main.go:51.37,53.3 1 0
github.com/Geek0x0/pdf/examples/performance/main.go:54.2,65.6 8 0
github.com/Geek0x0/pdf/examples/performance/main.go:65.6,67.17 2 0
github.com/Geek0x0/pdf/examples/performance/main.go:67.17,69.4 1 0
github.com/Geek0x0/pdf/examples/performance/main.go:71.3,71.18 1 0
github.com/Geek0x0/pdf/examples/performance/main.go:71.18,78.4 4 0
github.com/Geek0x0/pdf/examples/performance/main.go:80.3,80.15 1 0
github.com/Geek0x0/pdf/examples/performance/main.go:80.15,81.9 1 0
github.com/Geek0x0/pdf/examples/performance/main.go:84.2,95.44 7 0
github.com/Geek0x0/pdf/examples/performance/main.go:95.44,99.3 3 0
github.com/Geek0x0/pdf/examples/performance/main.go:100.2,114.71 11 0
github.com/Geek0x0/pdf/examples/performance/main.go:117.24,118.11 1 0
github.com/Geek0x0/pdf/examples/performance/main.go:118.11,120.3 1 0
github.com/Geek0x0/pdf/examples/performance/main.go:121.2,121.10 1 0
github.com/Geek0x0/pdf/examples/batch_fontcache/main.go:16.13,29.2 8 0
github.com/Geek0x0/pdf/examples/batch_fontcache/main.go:32.28,67.2 2 0
github.com/Geek0x0/pdf/examples/batch_fontcache/main.go:70.25,108.2 3 0
github.com/Geek0x0/pdf/examples/batch_fontcache/main.go:111.35,143.2 3 0
github.com/Geek0x0/pdf/examples/batch_fontcache/main.go:146.32,190.2 2 0
github.com/Geek0x0/pdf/examples/batch_fontcache/main.go:193.31,238.2 0 0
github.com/Geek0x0/pdf/cmd/test_ordering/main.go:11.13,13.16 2 0
github.com/Geek0x0/pdf/cmd/test_ordering/main.go:13.16,15.3 1 0
github.com/Geek0x0/pdf/cmd/test_ordering/main.go:16.2,18.27 2 0
github.com/Geek0x0/pdf/cmd/test_ordering/main.go:18.27,20.3 1 0
github.com/Geek0x0/pdf/cmd/test_ordering/main.go:22.2,26.16 3 0
github.com/Geek0x0/pdf/cmd/test_ordering/main.go:26.16,28.3 1 0
github.com/Geek0x0/pdf/cmd/test_ordering/main.go:31.2,32.16 2 0
github.com/Geek0x0/pdf/cmd/test_ordering/main.go:32.16,34.3 1 0
github.com/Geek0x0/pdf/cmd/test_ordering/main.go:36.2,37.26 2 0
github.com/Geek0x0/pdf/cmd/test_ordering/main.go:37.26,39.3 1 0
github.com/Geek0x0/pdf/cmd/test_ordering/main.go:39.8,41.3 1 0
github.com/Geek0x0/pdf/cmd/test_ordering/main.go:43.2,44.26 2 0
github.com/Geek0x0/pdf/cmd/test_ordering/main.go:44.26,46.3 1 0
github.com/Geek0x0/pdf/cmd/test_ordering/main.go:46.8,48.3 1 0
github.com/Geek0x0/pdf/cmd/test_ordering/main.go:50.2,55.28 4 0
github.com/Geek0x0/pdf/cmd/test_ordering/main.go:55.28,57.3 1 0
github.com/Geek0x0/pdf/cmd/test_ordering/main.go:57.8,63.3 4 0
